<?xml version="1.0" encoding="UTF-8"?>
<coverage generated="1333685162">
  <project timestamp="1333685162">
    <file name="/data/www/webpie/core/config.php">
      <class name="Webpie_Config_Exception" namespace="global" fullPackage="Webpie.Config">
        <metrics methods="0" coveredmethods="0" conditionals="0" coveredconditionals="0" statements="0" coveredstatements="0" elements="0" coveredelements="0"/>
      </class>
      <class name="Webpie_Config" namespace="global" fullPackage="Webpie">
        <metrics methods="6" coveredmethods="6" conditionals="0" coveredconditionals="0" statements="74" coveredstatements="35" elements="80" coveredelements="41"/>
      </class>
      <line num="2" type="stmt" count="1"/>
      <line num="18" type="method" name="__construct" crap="1" count="1"/>
      <line num="20" type="stmt" count="1"/>
      <line num="21" type="stmt" count="1"/>
      <line num="28" type="method" name="getInstance" crap="2" count="165"/>
      <line num="30" type="stmt" count="165"/>
      <line num="31" type="stmt" count="165"/>
      <line num="33" type="stmt" count="165"/>
      <line num="43" type="method" name="import" crap="3.18" count="165"/>
      <line num="45" type="stmt" count="165"/>
      <line num="46" type="stmt" count="165"/>
      <line num="47" type="stmt" count="1"/>
      <line num="48" type="stmt" count="1"/>
      <line num="49" type="stmt" count="165"/>
      <line num="50" type="stmt" count="165"/>
      <line num="51" type="stmt" count="0"/>
      <line num="52" type="stmt" count="0"/>
      <line num="53" type="stmt" count="0"/>
      <line num="55" type="stmt" count="165"/>
      <line num="57" type="stmt" count="1"/>
      <line num="68" type="method" name="get" crap="7.01" count="4"/>
      <line num="70" type="stmt" count="4"/>
      <line num="71" type="stmt" count="4"/>
      <line num="72" type="stmt" count="4"/>
      <line num="74" type="stmt" count="4"/>
      <line num="75" type="stmt" count="4"/>
      <line num="76" type="stmt" count="4"/>
      <line num="77" type="stmt" count="1"/>
      <line num="78" type="stmt" count="1"/>
      <line num="80" type="stmt" count="1"/>
      <line num="81" type="stmt" count="1"/>
      <line num="82" type="stmt" count="1"/>
      <line num="84" type="stmt" count="4"/>
      <line num="86" type="stmt" count="1"/>
      <line num="87" type="stmt" count="1"/>
      <line num="89" type="stmt" count="0"/>
      <line num="100" type="method" name="set" crap="190.81" count="1"/>
      <line num="102" type="stmt" count="1"/>
      <line num="103" type="stmt" count="1"/>
      <line num="104" type="stmt" count="1"/>
      <line num="105" type="stmt" count="0"/>
      <line num="106" type="stmt" count="0"/>
      <line num="107" type="stmt" count="0"/>
      <line num="108" type="stmt" count="0"/>
      <line num="109" type="stmt" count="0"/>
      <line num="111" type="stmt" count="0"/>
      <line num="112" type="stmt" count="0"/>
      <line num="113" type="stmt" count="0"/>
      <line num="114" type="stmt" count="0"/>
      <line num="115" type="stmt" count="0"/>
      <line num="116" type="stmt" count="0"/>
      <line num="117" type="stmt" count="0"/>
      <line num="118" type="stmt" count="0"/>
      <line num="119" type="stmt" count="0"/>
      <line num="120" type="stmt" count="0"/>
      <line num="121" type="stmt" count="0"/>
      <line num="122" type="stmt" count="0"/>
      <line num="123" type="stmt" count="0"/>
      <line num="124" type="stmt" count="0"/>
      <line num="125" type="stmt" count="0"/>
      <line num="126" type="stmt" count="0"/>
      <line num="127" type="stmt" count="0"/>
      <line num="128" type="stmt" count="0"/>
      <line num="129" type="stmt" count="0"/>
      <line num="132" type="stmt" count="0"/>
      <line num="133" type="stmt" count="0"/>
      <line num="135" type="stmt" count="0"/>
      <line num="137" type="stmt" count="0"/>
      <line num="138" type="stmt" count="0"/>
      <line num="141" type="stmt" count="0"/>
      <line num="142" type="stmt" count="0"/>
      <line num="144" type="stmt" count="0"/>
      <line num="145" type="stmt" count="0"/>
      <line num="147" type="stmt" count="0"/>
      <line num="150" type="stmt" count="0"/>
      <line num="158" type="method" name="getReqWith" crap="3" count="1"/>
      <line num="160" type="stmt" count="1"/>
      <line num="161" type="stmt" count="1"/>
      <line num="162" type="stmt" count="1"/>
      <line num="164" type="stmt" count="1"/>
      <line num="166" type="stmt" count="1"/>
      <line num="169" type="stmt" count="1"/>
      <metrics loc="168" ncloc="133" classes="2" methods="6" coveredmethods="3" conditionals="0" coveredconditionals="0" statements="75" coveredstatements="36" elements="81" coveredelements="39"/>
    </file>
    <file name="/data/www/webpie/core/dal/cacheabstract.php">
      <class name="Webpie_Dal_Cacheabstract" namespace="global" fullPackage="Webpie.Dal">
        <metrics methods="12" coveredmethods="0" conditionals="0" coveredconditionals="0" statements="11" coveredstatements="0" elements="23" coveredelements="0"/>
      </class>
      <line num="4" type="method" name="cacheSetting" crap="1" count="0"/>
      <line num="5" type="method" name="cacheConnect" crap="1" count="0"/>
      <line num="6" type="method" name="setCurCacheObj" crap="1" count="0"/>
      <line num="7" type="method" name="get" crap="1" count="0"/>
      <line num="8" type="method" name="mGet" crap="1" count="0"/>
      <line num="9" type="method" name="set" crap="1" count="0"/>
      <line num="10" type="method" name="append" crap="1" count="0"/>
      <line num="11" type="method" name="casToSet" crap="1" count="0"/>
      <line num="12" type="method" name="decr" crap="1" count="0"/>
      <line num="13" type="method" name="incr" crap="1" count="0"/>
      <line num="14" type="method" name="del" crap="1" count="0"/>
      <line num="15" type="method" name="__call" crap="20" count="0"/>
      <line num="17" type="stmt" count="0"/>
      <line num="18" type="stmt" count="0"/>
      <line num="19" type="stmt" count="0"/>
      <line num="20" type="stmt" count="0"/>
      <line num="21" type="stmt" count="0"/>
      <line num="22" type="stmt" count="0"/>
      <line num="24" type="stmt" count="0"/>
      <line num="25" type="stmt" count="0"/>
      <line num="27" type="stmt" count="0"/>
      <line num="30" type="stmt" count="0"/>
      <line num="33" type="stmt" count="0"/>
      <line num="36" type="stmt" count="1"/>
      <metrics loc="35" ncloc="35" classes="1" methods="1" coveredmethods="0" conditionals="0" coveredconditionals="0" statements="11" coveredstatements="0" elements="12" coveredelements="0"/>
    </file>
    <file name="/data/www/webpie/core/dal/dbinterface.php">
      <line num="9" type="stmt" count="1"/>
      <line num="21" type="stmt" count="1"/>
      <metrics loc="20" ncloc="13" classes="0" methods="0" coveredmethods="0" conditionals="0" coveredconditionals="0" statements="1" coveredstatements="1" elements="1" coveredelements="1"/>
    </file>
    <file name="/data/www/webpie/core/dal/memcache.php">
      <class name="Webpie_Dal_Memcache" namespace="global" fullPackage="Webpie.Dal">
        <metrics methods="13" coveredmethods="12" conditionals="0" coveredconditionals="0" statements="56" coveredstatements="52" elements="69" coveredelements="64"/>
      </class>
      <line num="7" type="method" name="__construct" crap="1" count="26"/>
      <line num="16" type="method" name="cacheSetting" crap="2" count="26"/>
      <line num="18" type="stmt" count="26"/>
      <line num="19" type="stmt" count="26"/>
      <line num="20" type="stmt" count="26"/>
      <line num="21" type="stmt" count="26"/>
      <line num="22" type="stmt" count="26"/>
      <line num="23" type="stmt" count="26"/>
      <line num="33" type="method" name="cacheConnect" crap="5" count="26"/>
      <line num="35" type="stmt" count="26"/>
      <line num="36" type="stmt" count="26"/>
      <line num="37" type="stmt" count="26"/>
      <line num="38" type="stmt" count="26"/>
      <line num="40" type="stmt" count="26"/>
      <line num="41" type="stmt" count="26"/>
      <line num="42" type="stmt" count="26"/>
      <line num="44" type="stmt" count="26"/>
      <line num="45" type="stmt" count="26"/>
      <line num="46" type="stmt" count="26"/>
      <line num="47" type="stmt" count="26"/>
      <line num="48" type="stmt" count="26"/>
      <line num="50" type="stmt" count="26"/>
      <line num="60" type="method" name="setCurCacheObj" crap="2.06" count="26"/>
      <line num="62" type="stmt" count="26"/>
      <line num="63" type="stmt" count="26"/>
      <line num="65" type="stmt" count="0"/>
      <line num="67" type="stmt" count="26"/>
      <line num="79" type="method" name="get" crap="3" count="21"/>
      <line num="81" type="stmt" count="21"/>
      <line num="82" type="stmt" count="21"/>
      <line num="84" type="stmt" count="21"/>
      <line num="85" type="stmt" count="21"/>
      <line num="87" type="stmt" count="21"/>
      <line num="88" type="stmt" count="21"/>
      <line num="90" type="stmt" count="21"/>
      <line num="100" type="method" name="mGet" crap="1" count="1"/>
      <line num="102" type="stmt" count="1"/>
      <line num="114" type="method" name="set" crap="1" count="23"/>
      <line num="116" type="stmt" count="23"/>
      <line num="127" type="method" name="append" crap="1" count="5"/>
      <line num="129" type="stmt" count="5"/>
      <line num="142" type="method" name="casToSet" crap="2" count="5"/>
      <line num="144" type="stmt" count="5"/>
      <line num="145" type="stmt" count="5"/>
      <line num="146" type="stmt" count="5"/>
      <line num="147" type="stmt" count="5"/>
      <line num="149" type="stmt" count="5"/>
      <line num="160" type="method" name="decr" crap="5" count="1"/>
      <line num="162" type="stmt" count="1"/>
      <line num="163" type="stmt" count="1"/>
      <line num="164" type="stmt" count="1"/>
      <line num="165" type="stmt" count="1"/>
      <line num="166" type="stmt" count="1"/>
      <line num="167" type="stmt" count="1"/>
      <line num="170" type="stmt" count="1"/>
      <line num="181" type="method" name="incr" crap="4" count="1"/>
      <line num="183" type="stmt" count="1"/>
      <line num="184" type="stmt" count="1"/>
      <line num="185" type="stmt" count="1"/>
      <line num="187" type="stmt" count="1"/>
      <line num="197" type="method" name="del" crap="2.26" count="26"/>
      <line num="199" type="stmt" count="26"/>
      <line num="200" type="stmt" count="26"/>
      <line num="201" type="stmt" count="0"/>
      <line num="202" type="stmt" count="0"/>
      <line num="205" type="stmt" count="26"/>
      <line num="208" type="stmt" count="1"/>
      <metrics loc="207" ncloc="121" classes="1" methods="13" coveredmethods="10" conditionals="0" coveredconditionals="0" statements="55" coveredstatements="52" elements="68" coveredelements="62"/>
    </file>
    <file name="/data/www/webpie/core/dal/mysql.php">
      <class name="Webpie_Dal_Mysql" namespace="global" fullPackage="Webpie.Dal">
        <metrics methods="17" coveredmethods="14" conditionals="0" coveredconditionals="0" statements="154" coveredstatements="142" elements="171" coveredelements="156"/>
      </class>
      <line num="15" type="method" name="__construct" crap="1" count="11"/>
      <line num="24" type="method" name="dbSetting" crap="2" count="11"/>
      <line num="26" type="stmt" count="11"/>
      <line num="27" type="stmt" count="11"/>
      <line num="28" type="stmt" count="11"/>
      <line num="29" type="stmt" count="11"/>
      <line num="30" type="stmt" count="11"/>
      <line num="31" type="stmt" count="11"/>
      <line num="41" type="method" name="dbConnect" crap="3" count="11"/>
      <line num="43" type="stmt" count="11"/>
      <line num="44" type="stmt" count="11"/>
      <line num="45" type="stmt" count="11"/>
      <line num="46" type="stmt" count="11"/>
      <line num="47" type="stmt" count="11"/>
      <line num="48" type="stmt" count="11"/>
      <line num="50" type="stmt" count="11"/>
      <line num="51" type="stmt" count="11"/>
      <line num="52" type="stmt" count="11"/>
      <line num="54" type="stmt" count="11"/>
      <line num="64" type="method" name="setCurDbObj" crap="2.06" count="11"/>
      <line num="66" type="stmt" count="11"/>
      <line num="67" type="stmt" count="11"/>
      <line num="69" type="stmt" count="0"/>
      <line num="71" type="stmt" count="11"/>
      <line num="81" type="method" name="setCurTable" crap="1" count="11"/>
      <line num="83" type="stmt" count="11"/>
      <line num="84" type="stmt" count="11"/>
      <line num="95" type="method" name="dbCreate" crap="9" count="1"/>
      <line num="97" type="stmt" count="1"/>
      <line num="98" type="stmt" count="1"/>
      <line num="100" type="stmt" count="1"/>
      <line num="102" type="stmt" count="1"/>
      <line num="104" type="stmt" count="1"/>
      <line num="105" type="stmt" count="1"/>
      <line num="106" type="stmt" count="1"/>
      <line num="108" type="stmt" count="1"/>
      <line num="110" type="stmt" count="1"/>
      <line num="111" type="stmt" count="1"/>
      <line num="112" type="stmt" count="1"/>
      <line num="113" type="stmt" count="1"/>
      <line num="115" type="stmt" count="1"/>
      <line num="116" type="stmt" count="1"/>
      <line num="117" type="stmt" count="1"/>
      <line num="119" type="stmt" count="1"/>
      <line num="120" type="stmt" count="1"/>
      <line num="121" type="stmt" count="1"/>
      <line num="122" type="stmt" count="1"/>
      <line num="124" type="stmt" count="1"/>
      <line num="126" type="stmt" count="1"/>
      <line num="127" type="stmt" count="1"/>
      <line num="128" type="stmt" count="1"/>
      <line num="130" type="stmt" count="1"/>
      <line num="132" type="stmt" count="1"/>
      <line num="133" type="stmt" count="1"/>
      <line num="135" type="stmt" count="1"/>
      <line num="136" type="stmt" count="1"/>
      <line num="138" type="stmt" count="1"/>
      <line num="139" type="stmt" count="1"/>
      <line num="140" type="stmt" count="1"/>
      <line num="151" type="method" name="dbRead" crap="15" count="1"/>
      <line num="153" type="stmt" count="1"/>
      <line num="154" type="stmt" count="1"/>
      <line num="155" type="stmt" count="1"/>
      <line num="157" type="stmt" count="1"/>
      <line num="158" type="stmt" count="1"/>
      <line num="160" type="stmt" count="1"/>
      <line num="161" type="stmt" count="1"/>
      <line num="163" type="stmt" count="1"/>
      <line num="164" type="stmt" count="1"/>
      <line num="165" type="stmt" count="1"/>
      <line num="167" type="stmt" count="1"/>
      <line num="168" type="stmt" count="1"/>
      <line num="169" type="stmt" count="1"/>
      <line num="170" type="stmt" count="1"/>
      <line num="171" type="stmt" count="1"/>
      <line num="173" type="stmt" count="1"/>
      <line num="174" type="stmt" count="1"/>
      <line num="176" type="stmt" count="1"/>
      <line num="177" type="stmt" count="1"/>
      <line num="178" type="stmt" count="1"/>
      <line num="179" type="stmt" count="1"/>
      <line num="180" type="stmt" count="1"/>
      <line num="181" type="stmt" count="1"/>
      <line num="182" type="stmt" count="1"/>
      <line num="184" type="stmt" count="1"/>
      <line num="185" type="stmt" count="1"/>
      <line num="186" type="stmt" count="1"/>
      <line num="189" type="stmt" count="1"/>
      <line num="190" type="stmt" count="1"/>
      <line num="192" type="stmt" count="1"/>
      <line num="193" type="stmt" count="1"/>
      <line num="195" type="stmt" count="1"/>
      <line num="196" type="stmt" count="1"/>
      <line num="198" type="stmt" count="1"/>
      <line num="199" type="stmt" count="1"/>
      <line num="201" type="stmt" count="1"/>
      <line num="202" type="stmt" count="1"/>
      <line num="203" type="stmt" count="1"/>
      <line num="204" type="stmt" count="1"/>
      <line num="206" type="stmt" count="1"/>
      <line num="207" type="stmt" count="1"/>
      <line num="209" type="stmt" count="1"/>
      <line num="210" type="stmt" count="1"/>
      <line num="223" type="method" name="dbUpdate" crap="5" count="1"/>
      <line num="225" type="stmt" count="1"/>
      <line num="226" type="stmt" count="1"/>
      <line num="227" type="stmt" count="1"/>
      <line num="229" type="stmt" count="1"/>
      <line num="230" type="stmt" count="1"/>
      <line num="231" type="stmt" count="1"/>
      <line num="233" type="stmt" count="1"/>
      <line num="234" type="stmt" count="1"/>
      <line num="236" type="stmt" count="1"/>
      <line num="237" type="stmt" count="1"/>
      <line num="239" type="stmt" count="1"/>
      <line num="240" type="stmt" count="1"/>
      <line num="241" type="stmt" count="1"/>
      <line num="251" type="method" name="dbDelete" crap="7" count="4"/>
      <line num="253" type="stmt" count="4"/>
      <line num="254" type="stmt" count="4"/>
      <line num="255" type="stmt" count="4"/>
      <line num="257" type="stmt" count="4"/>
      <line num="258" type="stmt" count="4"/>
      <line num="259" type="stmt" count="4"/>
      <line num="261" type="stmt" count="4"/>
      <line num="262" type="stmt" count="4"/>
      <line num="263" type="stmt" count="3"/>
      <line num="264" type="stmt" count="3"/>
      <line num="265" type="stmt" count="3"/>
      <line num="267" type="stmt" count="4"/>
      <line num="268" type="stmt" count="4"/>
      <line num="270" type="stmt" count="4"/>
      <line num="271" type="stmt" count="4"/>
      <line num="272" type="stmt" count="4"/>
      <line num="282" type="method" name="setBindParams" crap="3" count="6"/>
      <line num="284" type="stmt" count="6"/>
      <line num="285" type="stmt" count="6"/>
      <line num="286" type="stmt" count="6"/>
      <line num="288" type="stmt" count="6"/>
      <line num="289" type="stmt" count="6"/>
      <line num="290" type="stmt" count="6"/>
      <line num="292" type="stmt" count="6"/>
      <line num="293" type="stmt" count="6"/>
      <line num="294" type="stmt" count="6"/>
      <line num="296" type="stmt" count="6"/>
      <line num="306" type="method" name="getVarType" crap="9.29" count="6"/>
      <line num="308" type="stmt" count="6"/>
      <line num="309" type="stmt" count="6"/>
      <line num="311" type="stmt" count="5"/>
      <line num="312" type="stmt" count="5"/>
      <line num="314" type="stmt" count="0"/>
      <line num="315" type="stmt" count="0"/>
      <line num="317" type="stmt" count="0"/>
      <line num="318" type="stmt" count="0"/>
      <line num="320" type="stmt" count="0"/>
      <line num="323" type="method" name="getCurDbObj" crap="1" count="1"/>
      <line num="325" type="stmt" count="1"/>
      <line num="328" type="method" name="getCurTable" crap="1" count="1"/>
      <line num="330" type="stmt" count="1"/>
      <line num="333" type="method" name="getLastCreateId" crap="2" count="0"/>
      <line num="335" type="stmt" count="0"/>
      <line num="338" type="method" name="dbGroupRead" crap="2" count="0"/>
      <line num="345" type="method" name="__destruct" crap="12" count="0"/>
      <line num="347" type="stmt" count="0"/>
      <line num="349" type="stmt" count="0"/>
      <line num="350" type="stmt" count="0"/>
      <line num="351" type="stmt" count="0"/>
      <line num="353" type="stmt" count="1"/>
      <metrics loc="352" ncloc="266" classes="1" methods="17" coveredmethods="12" conditionals="0" coveredconditionals="0" statements="153" coveredstatements="141" elements="170" coveredelements="153"/>
    </file>
    <file name="/data/www/webpie/core/dal/redis.php">
      <class name="Webpie_Dal_Redis" namespace="global" fullPackage="Webpie.Dal">
        <metrics methods="13" coveredmethods="12" conditionals="0" coveredconditionals="0" statements="47" coveredstatements="43" elements="60" coveredelements="55"/>
      </class>
      <line num="7" type="method" name="__construct" crap="1" count="21"/>
      <line num="16" type="method" name="cacheSetting" crap="2" count="21"/>
      <line num="18" type="stmt" count="21"/>
      <line num="19" type="stmt" count="21"/>
      <line num="20" type="method" name="anonymous function" crap="1" count="21"/>
      <line num="21" type="stmt" count="21"/>
      <line num="22" type="stmt" count="21"/>
      <line num="23" type="stmt" count="21"/>
      <line num="33" type="method" name="cacheConnect" crap="5" count="21"/>
      <line num="35" type="stmt" count="21"/>
      <line num="36" type="stmt" count="21"/>
      <line num="37" type="stmt" count="21"/>
      <line num="38" type="stmt" count="21"/>
      <line num="40" type="stmt" count="21"/>
      <line num="41" type="stmt" count="21"/>
      <line num="42" type="stmt" count="21"/>
      <line num="44" type="stmt" count="21"/>
      <line num="45" type="stmt" count="21"/>
      <line num="46" type="stmt" count="21"/>
      <line num="47" type="stmt" count="21"/>
      <line num="48" type="stmt" count="21"/>
      <line num="50" type="stmt" count="21"/>
      <line num="60" type="method" name="setCurCacheObj" crap="2.06" count="21"/>
      <line num="62" type="stmt" count="21"/>
      <line num="63" type="stmt" count="21"/>
      <line num="65" type="stmt" count="0"/>
      <line num="67" type="stmt" count="21"/>
      <line num="79" type="method" name="get" crap="3" count="10"/>
      <line num="81" type="stmt" count="10"/>
      <line num="82" type="stmt" count="10"/>
      <line num="83" type="stmt" count="10"/>
      <line num="85" type="stmt" count="10"/>
      <line num="95" type="method" name="mGet" crap="2" count="1"/>
      <line num="97" type="stmt" count="1"/>
      <line num="98" type="stmt" count="1"/>
      <line num="99" type="stmt" count="1"/>
      <line num="101" type="stmt" count="1"/>
      <line num="102" type="stmt" count="1"/>
      <line num="104" type="stmt" count="1"/>
      <line num="116" type="method" name="set" crap="3" count="18"/>
      <line num="118" type="stmt" count="18"/>
      <line num="119" type="stmt" count="18"/>
      <line num="121" type="stmt" count="18"/>
      <line num="132" type="method" name="append" crap="6" count="0"/>
      <line num="134" type="stmt" count="0"/>
      <line num="135" type="stmt" count="0"/>
      <line num="137" type="stmt" count="0"/>
      <line num="150" type="method" name="casToSet" crap="1" count="5"/>
      <line num="152" type="stmt" count="5"/>
      <line num="153" type="stmt" count="5"/>
      <line num="154" type="stmt" count="5"/>
      <line num="165" type="method" name="decr" crap="2" count="1"/>
      <line num="167" type="stmt" count="1"/>
      <line num="178" type="method" name="incr" crap="2" count="1"/>
      <line num="180" type="stmt" count="1"/>
      <line num="190" type="method" name="del" crap="1" count="21"/>
      <line num="192" type="stmt" count="21"/>
      <line num="195" type="stmt" count="1"/>
      <metrics loc="194" ncloc="108" classes="1" methods="13" coveredmethods="11" conditionals="0" coveredconditionals="0" statements="46" coveredstatements="42" elements="59" coveredelements="53"/>
    </file>
    <file name="/data/www/webpie/core/render/interface.php">
      <class name="Webpie_Render_Interface" namespace="global" fullPackage="Webpie.Render">
        <metrics methods="2" coveredmethods="0" conditionals="0" coveredconditionals="0" statements="0" coveredstatements="0" elements="2" coveredelements="0"/>
      </class>
      <line num="4" type="method" name="display" crap="1" count="0"/>
      <line num="5" type="method" name="fetch" crap="1" count="0"/>
      <line num="7" type="stmt" count="1"/>
      <metrics loc="6" ncloc="4" classes="1" methods="0" coveredmethods="0" conditionals="0" coveredconditionals="0" statements="0" coveredstatements="0" elements="0" coveredelements="0"/>
    </file>
    <file name="/data/www/webpie/core/render/render.php">
      <class name="Webpie_Render_Exception" namespace="global" fullPackage="Webpie.Render">
        <metrics methods="0" coveredmethods="0" conditionals="0" coveredconditionals="0" statements="0" coveredstatements="0" elements="0" coveredelements="0"/>
      </class>
      <class name="Webpie_Render" namespace="global" fullPackage="Webpie">
        <metrics methods="7" coveredmethods="2" conditionals="0" coveredconditionals="0" statements="33" coveredstatements="8" elements="40" coveredelements="10"/>
      </class>
      <line num="2" type="stmt" count="1"/>
      <line num="7" type="method" name="__construct" crap="2" count="1"/>
      <line num="9" type="stmt" count="1"/>
      <line num="10" type="stmt" count="1"/>
      <line num="11" type="stmt" count="1"/>
      <line num="13" type="stmt" count="1"/>
      <line num="14" type="stmt" count="1"/>
      <line num="15" type="stmt" count="1"/>
      <line num="22" type="method" name="display" crap="6" count="0"/>
      <line num="24" type="stmt" count="0"/>
      <line num="25" type="stmt" count="0"/>
      <line num="27" type="stmt" count="0"/>
      <line num="28" type="stmt" count="0"/>
      <line num="30" type="stmt" count="0"/>
      <line num="38" type="method" name="fetch" crap="6" count="0"/>
      <line num="40" type="stmt" count="0"/>
      <line num="41" type="stmt" count="0"/>
      <line num="43" type="stmt" count="0"/>
      <line num="44" type="stmt" count="0"/>
      <line num="46" type="stmt" count="0"/>
      <line num="56" type="method" name="toAssign" crap="20" count="0"/>
      <line num="58" type="stmt" count="0"/>
      <line num="59" type="stmt" count="0"/>
      <line num="60" type="stmt" count="0"/>
      <line num="61" type="method" name="anonymous function" crap="2" count="0"/>
      <line num="63" type="stmt" count="0"/>
      <line num="64" type="stmt" count="0"/>
      <line num="66" type="stmt" count="0"/>
      <line num="67" type="stmt" count="0"/>
      <line num="69" type="stmt" count="0"/>
      <line num="79" type="method" name="get" crap="2.15" count="1"/>
      <line num="81" type="stmt" count="1"/>
      <line num="82" type="stmt" count="1"/>
      <line num="84" type="stmt" count="0"/>
      <line num="95" type="method" name="set" crap="6" count="0"/>
      <line num="97" type="stmt" count="0"/>
      <line num="98" type="stmt" count="0"/>
      <line num="100" type="stmt" count="0"/>
      <line num="101" type="stmt" count="0"/>
      <line num="103" type="stmt" count="1"/>
      <metrics loc="102" ncloc="68" classes="2" methods="7" coveredmethods="1" conditionals="0" coveredconditionals="0" statements="33" coveredstatements="9" elements="40" coveredelements="10"/>
    </file>
    <file name="/data/www/webpie/core/render/smarty/Smarty.class.php">
      <class name="Smarty" namespace="global" fullPackage="Smarty" package="Smarty">
        <metrics methods="42" coveredmethods="6" conditionals="0" coveredconditionals="0" statements="295" coveredstatements="42" elements="337" coveredelements="48"/>
      </class>
      <class name="SmartyException" namespace="global" fullPackage="Smarty" package="Smarty">
        <metrics methods="0" coveredmethods="0" conditionals="0" coveredconditionals="0" statements="0" coveredstatements="0" elements="0" coveredelements="0"/>
      </class>
      <class name="SmartyCompilerException" namespace="global" fullPackage="Smarty" package="Smarty">
        <metrics methods="0" coveredmethods="0" conditionals="0" coveredconditionals="0" statements="0" coveredstatements="0" elements="0" coveredelements="0"/>
      </class>
      <line num="37" type="stmt" count="1"/>
      <line num="38" type="stmt" count="0"/>
      <line num="39" type="stmt" count="0"/>
      <line num="45" type="stmt" count="1"/>
      <line num="46" type="stmt" count="1"/>
      <line num="47" type="stmt" count="1"/>
      <line num="53" type="stmt" count="1"/>
      <line num="54" type="stmt" count="1"/>
      <line num="55" type="stmt" count="1"/>
      <line num="56" type="stmt" count="1"/>
      <line num="57" type="stmt" count="1"/>
      <line num="58" type="stmt" count="1"/>
      <line num="59" type="stmt" count="1"/>
      <line num="60" type="stmt" count="1"/>
      <line num="61" type="stmt" count="1"/>
      <line num="62" type="stmt" count="1"/>
      <line num="67" type="stmt" count="1"/>
      <line num="68" type="stmt" count="1"/>
      <line num="69" type="stmt" count="1"/>
      <line num="73" type="stmt" count="1"/>
      <line num="74" type="stmt" count="1"/>
      <line num="79" type="stmt" count="1"/>
      <line num="80" type="stmt" count="1"/>
      <line num="81" type="stmt" count="1"/>
      <line num="83" type="stmt" count="1"/>
      <line num="84" type="stmt" count="0"/>
      <line num="85" type="stmt" count="0"/>
      <line num="86" type="stmt" count="0"/>
      <line num="87" type="stmt" count="0"/>
      <line num="88" type="stmt" count="0"/>
      <line num="89" type="stmt" count="1"/>
      <line num="95" type="stmt" count="1"/>
      <line num="96" type="stmt" count="1"/>
      <line num="97" type="stmt" count="1"/>
      <line num="98" type="stmt" count="1"/>
      <line num="99" type="stmt" count="1"/>
      <line num="100" type="stmt" count="1"/>
      <line num="101" type="stmt" count="1"/>
      <line num="606" type="method" name="__construct" crap="3" count="1"/>
      <line num="609" type="stmt" count="1"/>
      <line num="610" type="stmt" count="1"/>
      <line num="611" type="stmt" count="1"/>
      <line num="612" type="stmt" count="1"/>
      <line num="613" type="stmt" count="1"/>
      <line num="615" type="stmt" count="1"/>
      <line num="616" type="stmt" count="1"/>
      <line num="617" type="stmt" count="1"/>
      <line num="618" type="stmt" count="1"/>
      <line num="619" type="stmt" count="1"/>
      <line num="621" type="stmt" count="1"/>
      <line num="622" type="stmt" count="1"/>
      <line num="623" type="stmt" count="1"/>
      <line num="624" type="stmt" count="1"/>
      <line num="625" type="stmt" count="1"/>
      <line num="631" type="method" name="__destruct" crap="2" count="0"/>
      <line num="634" type="stmt" count="0"/>
      <line num="639" type="method" name="__clone" crap="2" count="0"/>
      <line num="641" type="stmt" count="0"/>
      <line num="642" type="stmt" count="0"/>
      <line num="654" type="method" name="__get" crap="6" count="0"/>
      <line num="657" type="stmt" count="0"/>
      <line num="658" type="stmt" count="0"/>
      <line num="659" type="stmt" count="0"/>
      <line num="660" type="stmt" count="0"/>
      <line num="661" type="stmt" count="0"/>
      <line num="662" type="stmt" count="0"/>
      <line num="664" type="stmt" count="0"/>
      <line num="665" type="stmt" count="0"/>
      <line num="667" type="stmt" count="0"/>
      <line num="669" type="stmt" count="0"/>
      <line num="680" type="method" name="__set" crap="6" count="0"/>
      <line num="683" type="stmt" count="0"/>
      <line num="684" type="stmt" count="0"/>
      <line num="685" type="stmt" count="0"/>
      <line num="686" type="stmt" count="0"/>
      <line num="687" type="stmt" count="0"/>
      <line num="688" type="stmt" count="0"/>
      <line num="690" type="stmt" count="0"/>
      <line num="691" type="stmt" count="0"/>
      <line num="692" type="stmt" count="0"/>
      <line num="693" type="stmt" count="0"/>
      <line num="695" type="stmt" count="0"/>
      <line num="703" type="method" name="templateExists" crap="2" count="0"/>
      <line num="706" type="stmt" count="0"/>
      <line num="707" type="stmt" count="0"/>
      <line num="709" type="stmt" count="0"/>
      <line num="710" type="stmt" count="0"/>
      <line num="711" type="stmt" count="0"/>
      <line num="721" type="method" name="getGlobal" crap="20" count="0"/>
      <line num="723" type="stmt" count="0"/>
      <line num="724" type="stmt" count="0"/>
      <line num="725" type="stmt" count="0"/>
      <line num="727" type="stmt" count="0"/>
      <line num="730" type="stmt" count="0"/>
      <line num="731" type="stmt" count="0"/>
      <line num="732" type="stmt" count="0"/>
      <line num="733" type="stmt" count="0"/>
      <line num="734" type="stmt" count="0"/>
      <line num="745" type="method" name="clearAllCache" crap="2" count="0"/>
      <line num="748" type="stmt" count="0"/>
      <line num="749" type="stmt" count="0"/>
      <line num="750" type="stmt" count="0"/>
      <line num="763" type="method" name="clearCache" crap="2" count="0"/>
      <line num="766" type="stmt" count="0"/>
      <line num="767" type="stmt" count="0"/>
      <line num="768" type="stmt" count="0"/>
      <line num="778" type="method" name="enableSecurity" crap="56" count="0"/>
      <line num="780" type="stmt" count="0"/>
      <line num="781" type="stmt" count="0"/>
      <line num="782" type="stmt" count="0"/>
      <line num="783" type="stmt" count="0"/>
      <line num="784" type="stmt" count="0"/>
      <line num="786" type="stmt" count="0"/>
      <line num="787" type="stmt" count="0"/>
      <line num="788" type="stmt" count="0"/>
      <line num="789" type="stmt" count="0"/>
      <line num="790" type="stmt" count="0"/>
      <line num="791" type="stmt" count="0"/>
      <line num="792" type="stmt" count="0"/>
      <line num="794" type="stmt" count="0"/>
      <line num="797" type="stmt" count="0"/>
      <line num="804" type="method" name="disableSecurity" crap="2" count="0"/>
      <line num="806" type="stmt" count="0"/>
      <line num="808" type="stmt" count="0"/>
      <line num="817" type="method" name="setTemplateDir" crap="2" count="1"/>
      <line num="819" type="stmt" count="1"/>
      <line num="820" type="stmt" count="1"/>
      <line num="821" type="stmt" count="1"/>
      <line num="822" type="stmt" count="1"/>
      <line num="824" type="stmt" count="1"/>
      <line num="825" type="stmt" count="1"/>
      <line num="836" type="method" name="addTemplateDir" crap="30" count="0"/>
      <line num="839" type="stmt" count="0"/>
      <line num="841" type="stmt" count="0"/>
      <line num="842" type="stmt" count="0"/>
      <line num="843" type="stmt" count="0"/>
      <line num="845" type="stmt" count="0"/>
      <line num="846" type="stmt" count="0"/>
      <line num="848" type="stmt" count="0"/>
      <line num="850" type="stmt" count="0"/>
      <line num="851" type="stmt" count="0"/>
      <line num="853" type="stmt" count="0"/>
      <line num="854" type="stmt" count="0"/>
      <line num="856" type="stmt" count="0"/>
      <line num="858" type="stmt" count="0"/>
      <line num="859" type="stmt" count="0"/>
      <line num="868" type="method" name="getTemplateDir" crap="12" count="0"/>
      <line num="870" type="stmt" count="0"/>
      <line num="871" type="stmt" count="0"/>
      <line num="874" type="stmt" count="0"/>
      <line num="883" type="method" name="setConfigDir" crap="2" count="1"/>
      <line num="885" type="stmt" count="1"/>
      <line num="886" type="stmt" count="1"/>
      <line num="887" type="stmt" count="1"/>
      <line num="888" type="stmt" count="1"/>
      <line num="890" type="stmt" count="1"/>
      <line num="891" type="stmt" count="1"/>
      <line num="901" type="method" name="addConfigDir" crap="30" count="0"/>
      <line num="904" type="stmt" count="0"/>
      <line num="906" type="stmt" count="0"/>
      <line num="907" type="stmt" count="0"/>
      <line num="908" type="stmt" count="0"/>
      <line num="910" type="stmt" count="0"/>
      <line num="911" type="stmt" count="0"/>
      <line num="913" type="stmt" count="0"/>
      <line num="915" type="stmt" count="0"/>
      <line num="916" type="stmt" count="0"/>
      <line num="918" type="stmt" count="0"/>
      <line num="919" type="stmt" count="0"/>
      <line num="921" type="stmt" count="0"/>
      <line num="924" type="stmt" count="0"/>
      <line num="925" type="stmt" count="0"/>
      <line num="934" type="method" name="getConfigDir" crap="12" count="0"/>
      <line num="936" type="stmt" count="0"/>
      <line num="937" type="stmt" count="0"/>
      <line num="940" type="stmt" count="0"/>
      <line num="949" type="method" name="setPluginsDir" crap="2" count="1"/>
      <line num="951" type="stmt" count="1"/>
      <line num="952" type="stmt" count="1"/>
      <line num="953" type="stmt" count="1"/>
      <line num="954" type="stmt" count="1"/>
      <line num="956" type="stmt" count="1"/>
      <line num="966" type="method" name="addPluginsDir" crap="20" count="0"/>
      <line num="969" type="stmt" count="0"/>
      <line num="971" type="stmt" count="0"/>
      <line num="972" type="stmt" count="0"/>
      <line num="973" type="stmt" count="0"/>
      <line num="975" type="stmt" count="0"/>
      <line num="976" type="stmt" count="0"/>
      <line num="978" type="stmt" count="0"/>
      <line num="980" type="stmt" count="0"/>
      <line num="981" type="stmt" count="0"/>
      <line num="983" type="stmt" count="0"/>
      <line num="986" type="stmt" count="0"/>
      <line num="987" type="stmt" count="0"/>
      <line num="995" type="method" name="getPluginsDir" crap="2" count="0"/>
      <line num="997" type="stmt" count="0"/>
      <line num="1006" type="method" name="setCompileDir" crap="2" count="1"/>
      <line num="1008" type="stmt" count="1"/>
      <line num="1009" type="stmt" count="1"/>
      <line num="1010" type="stmt" count="1"/>
      <line num="1011" type="stmt" count="1"/>
      <line num="1012" type="stmt" count="1"/>
      <line num="1020" type="method" name="getCompileDir" crap="2" count="0"/>
      <line num="1022" type="stmt" count="0"/>
      <line num="1031" type="method" name="setCacheDir" crap="2" count="1"/>
      <line num="1033" type="stmt" count="1"/>
      <line num="1034" type="stmt" count="1"/>
      <line num="1035" type="stmt" count="1"/>
      <line num="1036" type="stmt" count="1"/>
      <line num="1037" type="stmt" count="1"/>
      <line num="1045" type="method" name="getCacheDir" crap="2" count="0"/>
      <line num="1047" type="stmt" count="0"/>
      <line num="1056" type="method" name="setDefaultModifiers" crap="2" count="0"/>
      <line num="1058" type="stmt" count="0"/>
      <line num="1059" type="stmt" count="0"/>
      <line num="1068" type="method" name="addDefaultModifiers" crap="6" count="0"/>
      <line num="1070" type="stmt" count="0"/>
      <line num="1071" type="stmt" count="0"/>
      <line num="1072" type="stmt" count="0"/>
      <line num="1073" type="stmt" count="0"/>
      <line num="1076" type="stmt" count="0"/>
      <line num="1084" type="method" name="getDefaultModifiers" crap="2" count="0"/>
      <line num="1086" type="stmt" count="0"/>
      <line num="1097" type="method" name="setAutoloadFilters" crap="6" count="0"/>
      <line num="1099" type="stmt" count="0"/>
      <line num="1100" type="stmt" count="0"/>
      <line num="1101" type="stmt" count="0"/>
      <line num="1102" type="stmt" count="0"/>
      <line num="1105" type="stmt" count="0"/>
      <line num="1115" type="method" name="addAutoloadFilters" crap="30" count="0"/>
      <line num="1117" type="stmt" count="0"/>
      <line num="1118" type="stmt" count="0"/>
      <line num="1119" type="stmt" count="0"/>
      <line num="1120" type="stmt" count="0"/>
      <line num="1121" type="stmt" count="0"/>
      <line num="1123" type="stmt" count="0"/>
      <line num="1124" type="stmt" count="0"/>
      <line num="1125" type="stmt" count="0"/>
      <line num="1126" type="stmt" count="0"/>
      <line num="1127" type="stmt" count="0"/>
      <line num="1128" type="stmt" count="0"/>
      <line num="1130" type="stmt" count="0"/>
      <line num="1133" type="stmt" count="0"/>
      <line num="1142" type="method" name="getAutoloadFilters" crap="12" count="0"/>
      <line num="1144" type="stmt" count="0"/>
      <line num="1145" type="stmt" count="0"/>
      <line num="1148" type="stmt" count="0"/>
      <line num="1156" type="method" name="getDebugTemplate" crap="2" count="0"/>
      <line num="1158" type="stmt" count="0"/>
      <line num="1168" type="method" name="setDebugTemplate" crap="6" count="0"/>
      <line num="1170" type="stmt" count="0"/>
      <line num="1171" type="stmt" count="0"/>
      <line num="1173" type="stmt" count="0"/>
      <line num="1175" type="stmt" count="0"/>
      <line num="1188" type="method" name="createTemplate" crap="272" count="0"/>
      <line num="1190" type="stmt" count="0"/>
      <line num="1191" type="stmt" count="0"/>
      <line num="1192" type="stmt" count="0"/>
      <line num="1193" type="stmt" count="0"/>
      <line num="1194" type="stmt" count="0"/>
      <line num="1195" type="stmt" count="0"/>
      <line num="1196" type="stmt" count="0"/>
      <line num="1197" type="stmt" count="0"/>
      <line num="1198" type="stmt" count="0"/>
      <line num="1201" type="stmt" count="0"/>
      <line num="1202" type="stmt" count="0"/>
      <line num="1204" type="stmt" count="0"/>
      <line num="1205" type="stmt" count="0"/>
      <line num="1206" type="stmt" count="0"/>
      <line num="1207" type="stmt" count="0"/>
      <line num="1209" type="stmt" count="0"/>
      <line num="1210" type="stmt" count="0"/>
      <line num="1211" type="stmt" count="0"/>
      <line num="1212" type="stmt" count="0"/>
      <line num="1213" type="stmt" count="0"/>
      <line num="1215" type="stmt" count="0"/>
      <line num="1216" type="stmt" count="0"/>
      <line num="1217" type="stmt" count="0"/>
      <line num="1218" type="stmt" count="0"/>
      <line num="1219" type="stmt" count="0"/>
      <line num="1220" type="stmt" count="0"/>
      <line num="1221" type="stmt" count="0"/>
      <line num="1223" type="stmt" count="0"/>
      <line num="1224" type="stmt" count="0"/>
      <line num="1226" type="stmt" count="0"/>
      <line num="1227" type="stmt" count="0"/>
      <line num="1228" type="stmt" count="0"/>
      <line num="1229" type="stmt" count="0"/>
      <line num="1230" type="stmt" count="0"/>
      <line num="1231" type="stmt" count="0"/>
      <line num="1235" type="stmt" count="0"/>
      <line num="1237" type="stmt" count="0"/>
      <line num="1238" type="stmt" count="0"/>
      <line num="1239" type="stmt" count="0"/>
      <line num="1240" type="stmt" count="0"/>
      <line num="1241" type="stmt" count="0"/>
      <line num="1254" type="method" name="loadPlugin" crap="240" count="0"/>
      <line num="1257" type="stmt" count="0"/>
      <line num="1258" type="stmt" count="0"/>
      <line num="1261" type="stmt" count="0"/>
      <line num="1264" type="stmt" count="0"/>
      <line num="1265" type="stmt" count="0"/>
      <line num="1269" type="stmt" count="0"/>
      <line num="1270" type="stmt" count="0"/>
      <line num="1271" type="stmt" count="0"/>
      <line num="1272" type="stmt" count="0"/>
      <line num="1273" type="stmt" count="0"/>
      <line num="1275" type="stmt" count="0"/>
      <line num="1279" type="stmt" count="0"/>
      <line num="1281" type="stmt" count="0"/>
      <line num="1284" type="stmt" count="0"/>
      <line num="1286" type="stmt" count="0"/>
      <line num="1287" type="stmt" count="0"/>
      <line num="1288" type="stmt" count="0"/>
      <line num="1289" type="stmt" count="0"/>
      <line num="1290" type="stmt" count="0"/>
      <line num="1291" type="stmt" count="0"/>
      <line num="1292" type="stmt" count="0"/>
      <line num="1294" type="stmt" count="0"/>
      <line num="1296" type="stmt" count="0"/>
      <line num="1297" type="stmt" count="0"/>
      <line num="1298" type="stmt" count="0"/>
      <line num="1299" type="stmt" count="0"/>
      <line num="1302" type="stmt" count="0"/>
      <line num="1303" type="stmt" count="0"/>
      <line num="1304" type="stmt" count="0"/>
      <line num="1306" type="stmt" count="0"/>
      <line num="1307" type="stmt" count="0"/>
      <line num="1308" type="stmt" count="0"/>
      <line num="1310" type="stmt" count="0"/>
      <line num="1322" type="method" name="compileAllTemplates" crap="2" count="0"/>
      <line num="1324" type="stmt" count="0"/>
      <line num="1336" type="method" name="compileAllConfig" crap="2" count="0"/>
      <line num="1338" type="stmt" count="0"/>
      <line num="1349" type="method" name="clearCompiledTemplate" crap="2" count="0"/>
      <line num="1351" type="stmt" count="0"/>
      <line num="1361" type="method" name="getTags" crap="2" count="0"/>
      <line num="1363" type="stmt" count="0"/>
      <line num="1372" type="method" name="testInstall" crap="2" count="0"/>
      <line num="1374" type="stmt" count="0"/>
      <line num="1384" type="method" name="mutingErrorHandler" crap="90" count="0"/>
      <line num="1386" type="stmt" count="0"/>
      <line num="1389" type="stmt" count="0"/>
      <line num="1390" type="stmt" count="0"/>
      <line num="1391" type="stmt" count="0"/>
      <line num="1392" type="stmt" count="0"/>
      <line num="1393" type="stmt" count="0"/>
      <line num="1395" type="stmt" count="0"/>
      <line num="1398" type="stmt" count="0"/>
      <line num="1399" type="stmt" count="0"/>
      <line num="1401" type="stmt" count="0"/>
      <line num="1403" type="stmt" count="0"/>
      <line num="1404" type="stmt" count="0"/>
      <line num="1405" type="stmt" count="0"/>
      <line num="1406" type="stmt" count="0"/>
      <line num="1407" type="stmt" count="0"/>
      <line num="1408" type="stmt" count="0"/>
      <line num="1409" type="stmt" count="0"/>
      <line num="1411" type="stmt" count="0"/>
      <line num="1415" type="stmt" count="0"/>
      <line num="1416" type="stmt" count="0"/>
      <line num="1417" type="stmt" count="0"/>
      <line num="1419" type="stmt" count="0"/>
      <line num="1422" type="stmt" count="0"/>
      <line num="1429" type="method" name="muteExpectedErrors" crap="6" count="0"/>
      <line num="1447" type="stmt" count="0"/>
      <line num="1448" type="stmt" count="0"/>
      <line num="1451" type="stmt" count="0"/>
      <line num="1452" type="stmt" count="0"/>
      <line num="1453" type="stmt" count="0"/>
      <line num="1454" type="stmt" count="0"/>
      <line num="1461" type="method" name="unmuteExpectedErrors" crap="2" count="0"/>
      <line num="1463" type="stmt" count="0"/>
      <line num="1464" type="stmt" count="0"/>
      <line num="1468" type="stmt" count="1"/>
      <line num="1469" type="stmt" count="0"/>
      <line num="1470" type="stmt" count="0"/>
      <line num="1476" type="stmt" count="1"/>
      <line num="1483" type="stmt" count="1"/>
      <line num="1489" type="stmt" count="1"/>
      <line num="1491" type="stmt" count="0"/>
      <line num="1493" type="stmt" count="0"/>
      <line num="1494" type="stmt" count="0"/>
      <line num="1495" type="stmt" count="0"/>
      <line num="1496" type="stmt" count="0"/>
      <line num="1497" type="stmt" count="0"/>
      <line num="1498" type="stmt" count="0"/>
      <line num="1499" type="stmt" count="0"/>
      <line num="1500" type="stmt" count="0"/>
      <line num="1501" type="stmt" count="0"/>
      <line num="1502" type="stmt" count="0"/>
      <line num="1503" type="stmt" count="0"/>
      <line num="1505" type="stmt" count="0"/>
      <line num="1506" type="stmt" count="0"/>
      <line num="1507" type="stmt" count="0"/>
      <line num="1508" type="stmt" count="0"/>
      <line num="1511" type="stmt" count="1"/>
      <metrics loc="1510" ncloc="682" classes="3" methods="42" coveredmethods="6" conditionals="0" coveredconditionals="0" statements="355" coveredstatements="77" elements="397" coveredelements="83"/>
    </file>
    <file name="/data/www/webpie/core/render/smarty/sysplugins/smarty_cacheresource.php">
      <class name="Smarty_CacheResource" namespace="global" fullPackage="Smarty.Cacher" package="Smarty" subpackage="Cacher">
        <metrics methods="13" coveredmethods="0" conditionals="0" coveredconditionals="0" statements="44" coveredstatements="0" elements="57" coveredelements="0"/>
      </class>
      <class name="Smarty_Template_Cached" namespace="global" fullPackage="Smarty.TemplateResources" package="Smarty" subpackage="TemplateResources">
        <metrics methods="2" coveredmethods="0" conditionals="0" coveredconditionals="0" statements="60" coveredstatements="0" elements="62" coveredelements="0"/>
      </class>
      <line num="38" type="method" name="populate" crap="1" count="0"/>
      <line num="46" type="method" name="populateTimestamp" crap="1" count="0"/>
      <line num="55" type="method" name="process" crap="1" count="0"/>
      <line num="64" type="method" name="writeCachedContent" crap="1" count="0"/>
      <line num="72" type="method" name="getCachedContent" crap="6" count="0"/>
      <line num="74" type="stmt" count="0"/>
      <line num="75" type="stmt" count="0"/>
      <line num="76" type="stmt" count="0"/>
      <line num="77" type="stmt" count="0"/>
      <line num="79" type="stmt" count="0"/>
      <line num="89" type="method" name="clearAll" crap="1" count="0"/>
      <line num="101" type="method" name="clear" crap="1" count="0"/>
      <line num="104" type="method" name="locked" crap="12" count="0"/>
      <line num="107" type="stmt" count="0"/>
      <line num="108" type="stmt" count="0"/>
      <line num="109" type="stmt" count="0"/>
      <line num="110" type="stmt" count="0"/>
      <line num="111" type="stmt" count="0"/>
      <line num="113" type="stmt" count="0"/>
      <line num="115" type="stmt" count="0"/>
      <line num="116" type="stmt" count="0"/>
      <line num="117" type="stmt" count="0"/>
      <line num="120" type="method" name="hasLock" crap="2" count="0"/>
      <line num="123" type="stmt" count="0"/>
      <line num="126" type="method" name="acquireLock" crap="2" count="0"/>
      <line num="129" type="stmt" count="0"/>
      <line num="132" type="method" name="releaseLock" crap="2" count="0"/>
      <line num="135" type="stmt" count="0"/>
      <line num="146" type="method" name="load" crap="72" count="0"/>
      <line num="148" type="stmt" count="0"/>
      <line num="149" type="stmt" count="0"/>
      <line num="150" type="stmt" count="0"/>
      <line num="153" type="stmt" count="0"/>
      <line num="154" type="stmt" count="0"/>
      <line num="158" type="stmt" count="0"/>
      <line num="160" type="stmt" count="0"/>
      <line num="163" type="stmt" count="0"/>
      <line num="164" type="stmt" count="0"/>
      <line num="165" type="stmt" count="0"/>
      <line num="166" type="stmt" count="0"/>
      <line num="167" type="stmt" count="0"/>
      <line num="168" type="stmt" count="0"/>
      <line num="171" type="stmt" count="0"/>
      <line num="172" type="stmt" count="0"/>
      <line num="173" type="stmt" count="0"/>
      <line num="174" type="stmt" count="0"/>
      <line num="175" type="stmt" count="0"/>
      <line num="176" type="stmt" count="0"/>
      <line num="179" type="stmt" count="0"/>
      <line num="187" type="method" name="invalidLoadedCache" crap="12" count="0"/>
      <line num="189" type="stmt" count="0"/>
      <line num="190" type="stmt" count="0"/>
      <line num="191" type="stmt" count="0"/>
      <line num="192" type="stmt" count="0"/>
      <line num="193" type="stmt" count="0"/>
      <line num="194" type="stmt" count="0"/>
      <line num="195" type="stmt" count="0"/>
      <line num="285" type="method" name="__construct" crap="812" count="0"/>
      <line num="287" type="stmt" count="0"/>
      <line num="288" type="stmt" count="0"/>
      <line num="289" type="stmt" count="0"/>
      <line num="290" type="stmt" count="0"/>
      <line num="291" type="stmt" count="0"/>
      <line num="296" type="stmt" count="0"/>
      <line num="301" type="stmt" count="0"/>
      <line num="302" type="stmt" count="0"/>
      <line num="303" type="stmt" count="0"/>
      <line num="305" type="stmt" count="0"/>
      <line num="306" type="stmt" count="0"/>
      <line num="307" type="stmt" count="0"/>
      <line num="308" type="stmt" count="0"/>
      <line num="309" type="stmt" count="0"/>
      <line num="310" type="stmt" count="0"/>
      <line num="311" type="stmt" count="0"/>
      <line num="313" type="stmt" count="0"/>
      <line num="315" type="stmt" count="0"/>
      <line num="316" type="stmt" count="0"/>
      <line num="317" type="stmt" count="0"/>
      <line num="318" type="stmt" count="0"/>
      <line num="320" type="stmt" count="0"/>
      <line num="321" type="stmt" count="0"/>
      <line num="322" type="stmt" count="0"/>
      <line num="324" type="stmt" count="0"/>
      <line num="325" type="stmt" count="0"/>
      <line num="326" type="stmt" count="0"/>
      <line num="328" type="stmt" count="0"/>
      <line num="329" type="stmt" count="0"/>
      <line num="330" type="stmt" count="0"/>
      <line num="331" type="stmt" count="0"/>
      <line num="332" type="stmt" count="0"/>
      <line num="333" type="stmt" count="0"/>
      <line num="334" type="stmt" count="0"/>
      <line num="336" type="stmt" count="0"/>
      <line num="337" type="stmt" count="0"/>
      <line num="338" type="stmt" count="0"/>
      <line num="339" type="stmt" count="0"/>
      <line num="340" type="stmt" count="0"/>
      <line num="342" type="stmt" count="0"/>
      <line num="343" type="stmt" count="0"/>
      <line num="345" type="stmt" count="0"/>
      <line num="346" type="stmt" count="0"/>
      <line num="347" type="stmt" count="0"/>
      <line num="348" type="stmt" count="0"/>
      <line num="349" type="stmt" count="0"/>
      <line num="350" type="stmt" count="0"/>
      <line num="352" type="stmt" count="0"/>
      <line num="355" type="stmt" count="0"/>
      <line num="364" type="method" name="write" crap="20" count="0"/>
      <line num="366" type="stmt" count="0"/>
      <line num="367" type="stmt" count="0"/>
      <line num="368" type="stmt" count="0"/>
      <line num="369" type="stmt" count="0"/>
      <line num="370" type="stmt" count="0"/>
      <line num="371" type="stmt" count="0"/>
      <line num="372" type="stmt" count="0"/>
      <line num="373" type="stmt" count="0"/>
      <line num="374" type="stmt" count="0"/>
      <line num="376" type="stmt" count="0"/>
      <line num="377" type="stmt" count="0"/>
      <line num="381" type="stmt" count="1"/>
      <metrics loc="380" ncloc="188" classes="2" methods="9" coveredmethods="0" conditionals="0" coveredconditionals="0" statements="104" coveredstatements="0" elements="113" coveredelements="0"/>
    </file>
    <file name="/data/www/webpie/core/render/smarty/sysplugins/smarty_internal_cacheresource_file.php">
      <class name="Smarty_Internal_CacheResource_File" namespace="global" fullPackage="Smarty.Cacher" package="Smarty" subpackage="Cacher">
        <metrics methods="9" coveredmethods="0" conditionals="0" coveredconditionals="0" statements="122" coveredstatements="0" elements="131" coveredelements="0"/>
      </class>
      <line num="28" type="method" name="populate" crap="90" count="0"/>
      <line num="30" type="stmt" count="0"/>
      <line num="31" type="stmt" count="0"/>
      <line num="32" type="stmt" count="0"/>
      <line num="33" type="stmt" count="0"/>
      <line num="35" type="stmt" count="0"/>
      <line num="36" type="stmt" count="0"/>
      <line num="37" type="stmt" count="0"/>
      <line num="38" type="stmt" count="0"/>
      <line num="39" type="stmt" count="0"/>
      <line num="40" type="stmt" count="0"/>
      <line num="41" type="stmt" count="0"/>
      <line num="42" type="stmt" count="0"/>
      <line num="43" type="stmt" count="0"/>
      <line num="44" type="stmt" count="0"/>
      <line num="45" type="stmt" count="0"/>
      <line num="47" type="stmt" count="0"/>
      <line num="48" type="stmt" count="0"/>
      <line num="49" type="stmt" count="0"/>
      <line num="50" type="stmt" count="0"/>
      <line num="52" type="stmt" count="0"/>
      <line num="53" type="stmt" count="0"/>
      <line num="56" type="stmt" count="0"/>
      <line num="57" type="stmt" count="0"/>
      <line num="58" type="stmt" count="0"/>
      <line num="59" type="stmt" count="0"/>
      <line num="61" type="stmt" count="0"/>
      <line num="62" type="stmt" count="0"/>
      <line num="63" type="stmt" count="0"/>
      <line num="64" type="stmt" count="0"/>
      <line num="65" type="stmt" count="0"/>
      <line num="66" type="stmt" count="0"/>
      <line num="74" type="method" name="populateTimestamp" crap="2" count="0"/>
      <line num="76" type="stmt" count="0"/>
      <line num="77" type="stmt" count="0"/>
      <line num="78" type="stmt" count="0"/>
      <line num="87" type="method" name="process" crap="2" count="0"/>
      <line num="89" type="stmt" count="0"/>
      <line num="90" type="stmt" count="0"/>
      <line num="100" type="method" name="writeCachedContent" crap="6" count="0"/>
      <line num="102" type="stmt" count="0"/>
      <line num="103" type="stmt" count="0"/>
      <line num="104" type="stmt" count="0"/>
      <line num="105" type="stmt" count="0"/>
      <line num="107" type="stmt" count="0"/>
      <line num="117" type="method" name="clearAll" crap="2" count="0"/>
      <line num="119" type="stmt" count="0"/>
      <line num="132" type="method" name="clear" crap="992" count="0"/>
      <line num="134" type="stmt" count="0"/>
      <line num="135" type="stmt" count="0"/>
      <line num="136" type="stmt" count="0"/>
      <line num="137" type="stmt" count="0"/>
      <line num="138" type="stmt" count="0"/>
      <line num="139" type="stmt" count="0"/>
      <line num="140" type="stmt" count="0"/>
      <line num="141" type="stmt" count="0"/>
      <line num="142" type="stmt" count="0"/>
      <line num="143" type="stmt" count="0"/>
      <line num="144" type="stmt" count="0"/>
      <line num="145" type="stmt" count="0"/>
      <line num="146" type="stmt" count="0"/>
      <line num="147" type="stmt" count="0"/>
      <line num="148" type="stmt" count="0"/>
      <line num="149" type="stmt" count="0"/>
      <line num="150" type="stmt" count="0"/>
      <line num="151" type="stmt" count="0"/>
      <line num="152" type="stmt" count="0"/>
      <line num="153" type="stmt" count="0"/>
      <line num="156" type="stmt" count="0"/>
      <line num="157" type="stmt" count="0"/>
      <line num="158" type="stmt" count="0"/>
      <line num="159" type="stmt" count="0"/>
      <line num="160" type="stmt" count="0"/>
      <line num="162" type="stmt" count="0"/>
      <line num="163" type="stmt" count="0"/>
      <line num="164" type="stmt" count="0"/>
      <line num="165" type="stmt" count="0"/>
      <line num="167" type="stmt" count="0"/>
      <line num="168" type="stmt" count="0"/>
      <line num="169" type="stmt" count="0"/>
      <line num="170" type="stmt" count="0"/>
      <line num="172" type="stmt" count="0"/>
      <line num="173" type="stmt" count="0"/>
      <line num="174" type="stmt" count="0"/>
      <line num="175" type="stmt" count="0"/>
      <line num="176" type="stmt" count="0"/>
      <line num="177" type="stmt" count="0"/>
      <line num="178" type="stmt" count="0"/>
      <line num="179" type="stmt" count="0"/>
      <line num="181" type="stmt" count="0"/>
      <line num="182" type="stmt" count="0"/>
      <line num="184" type="stmt" count="0"/>
      <line num="185" type="stmt" count="0"/>
      <line num="186" type="stmt" count="0"/>
      <line num="187" type="stmt" count="0"/>
      <line num="188" type="stmt" count="0"/>
      <line num="190" type="stmt" count="0"/>
      <line num="191" type="stmt" count="0"/>
      <line num="192" type="stmt" count="0"/>
      <line num="194" type="stmt" count="0"/>
      <line num="196" type="stmt" count="0"/>
      <line num="197" type="stmt" count="0"/>
      <line num="200" type="stmt" count="0"/>
      <line num="202" type="stmt" count="0"/>
      <line num="203" type="stmt" count="0"/>
      <line num="204" type="stmt" count="0"/>
      <line num="206" type="stmt" count="0"/>
      <line num="207" type="stmt" count="0"/>
      <line num="208" type="stmt" count="0"/>
      <line num="209" type="stmt" count="0"/>
      <line num="211" type="stmt" count="0"/>
      <line num="212" type="stmt" count="0"/>
      <line num="214" type="stmt" count="0"/>
      <line num="216" type="stmt" count="0"/>
      <line num="217" type="stmt" count="0"/>
      <line num="218" type="stmt" count="0"/>
      <line num="228" type="method" name="hasLock" crap="12" count="0"/>
      <line num="230" type="stmt" count="0"/>
      <line num="231" type="stmt" count="0"/>
      <line num="232" type="stmt" count="0"/>
      <line num="233" type="stmt" count="0"/>
      <line num="235" type="stmt" count="0"/>
      <line num="236" type="stmt" count="0"/>
      <line num="245" type="method" name="acquireLock" crap="2" count="0"/>
      <line num="247" type="stmt" count="0"/>
      <line num="248" type="stmt" count="0"/>
      <line num="249" type="stmt" count="0"/>
      <line num="257" type="method" name="releaseLock" crap="2" count="0"/>
      <line num="259" type="stmt" count="0"/>
      <line num="260" type="stmt" count="0"/>
      <line num="261" type="stmt" count="0"/>
      <line num="264" type="stmt" count="1"/>
      <metrics loc="263" ncloc="160" classes="1" methods="9" coveredmethods="0" conditionals="0" coveredconditionals="0" statements="122" coveredstatements="0" elements="131" coveredelements="0"/>
    </file>
    <file name="/data/www/webpie/core/render/smarty/sysplugins/smarty_internal_data.php">
      <class name="Smarty_Internal_Data" namespace="global" fullPackage="Smarty.Template" package="Smarty" subpackage="Template">
        <metrics methods="14" coveredmethods="1" conditionals="0" coveredconditionals="0" statements="173" coveredstatements="4" elements="187" coveredelements="5"/>
      </class>
      <class name="Smarty_Data" namespace="global" fullPackage="Smarty.Template" package="Smarty" subpackage="Template">
        <metrics methods="1" coveredmethods="0" conditionals="0" coveredconditionals="0" statements="10" coveredstatements="0" elements="11" coveredelements="0"/>
      </class>
      <class name="Smarty_Variable" namespace="global" fullPackage="Smarty.Template" package="Smarty" subpackage="Template">
        <metrics methods="2" coveredmethods="1" conditionals="0" coveredconditionals="0" statements="5" coveredstatements="4" elements="7" coveredelements="5"/>
      </class>
      <class name="Undefined_Smarty_Variable" namespace="global" fullPackage="Smarty.Template" package="Smarty" subpackage="Template">
        <metrics methods="2" coveredmethods="0" conditionals="0" coveredconditionals="0" statements="4" coveredstatements="0" elements="6" coveredelements="0"/>
      </class>
      <line num="54" type="method" name="assign" crap="30" count="0"/>
      <line num="56" type="stmt" count="0"/>
      <line num="57" type="stmt" count="0"/>
      <line num="58" type="stmt" count="0"/>
      <line num="59" type="stmt" count="0"/>
      <line num="60" type="stmt" count="0"/>
      <line num="61" type="stmt" count="0"/>
      <line num="62" type="stmt" count="0"/>
      <line num="63" type="stmt" count="0"/>
      <line num="64" type="stmt" count="0"/>
      <line num="65" type="stmt" count="0"/>
      <line num="68" type="stmt" count="0"/>
      <line num="79" type="method" name="assignGlobal" crap="2" count="1"/>
      <line num="81" type="stmt" count="1"/>
      <line num="82" type="stmt" count="1"/>
      <line num="83" type="stmt" count="1"/>
      <line num="85" type="stmt" count="1"/>
      <line num="95" type="method" name="assignByRef" crap="6" count="0"/>
      <line num="97" type="stmt" count="0"/>
      <line num="98" type="stmt" count="0"/>
      <line num="99" type="stmt" count="0"/>
      <line num="100" type="stmt" count="0"/>
      <line num="102" type="stmt" count="0"/>
      <line num="114" type="method" name="append" crap="420" count="0"/>
      <line num="116" type="stmt" count="0"/>
      <line num="118" type="stmt" count="0"/>
      <line num="119" type="stmt" count="0"/>
      <line num="120" type="stmt" count="0"/>
      <line num="121" type="stmt" count="0"/>
      <line num="122" type="stmt" count="0"/>
      <line num="123" type="stmt" count="0"/>
      <line num="124" type="stmt" count="0"/>
      <line num="125" type="stmt" count="0"/>
      <line num="127" type="stmt" count="0"/>
      <line num="128" type="stmt" count="0"/>
      <line num="129" type="stmt" count="0"/>
      <line num="130" type="stmt" count="0"/>
      <line num="131" type="stmt" count="0"/>
      <line num="132" type="stmt" count="0"/>
      <line num="133" type="stmt" count="0"/>
      <line num="134" type="stmt" count="0"/>
      <line num="135" type="stmt" count="0"/>
      <line num="136" type="stmt" count="0"/>
      <line num="138" type="stmt" count="0"/>
      <line num="139" type="stmt" count="0"/>
      <line num="140" type="stmt" count="0"/>
      <line num="141" type="stmt" count="0"/>
      <line num="142" type="stmt" count="0"/>
      <line num="143" type="stmt" count="0"/>
      <line num="144" type="stmt" count="0"/>
      <line num="145" type="stmt" count="0"/>
      <line num="146" type="stmt" count="0"/>
      <line num="147" type="stmt" count="0"/>
      <line num="149" type="stmt" count="0"/>
      <line num="150" type="stmt" count="0"/>
      <line num="151" type="stmt" count="0"/>
      <line num="152" type="stmt" count="0"/>
      <line num="153" type="stmt" count="0"/>
      <line num="154" type="stmt" count="0"/>
      <line num="155" type="stmt" count="0"/>
      <line num="156" type="stmt" count="0"/>
      <line num="157" type="stmt" count="0"/>
      <line num="158" type="stmt" count="0"/>
      <line num="160" type="stmt" count="0"/>
      <line num="163" type="stmt" count="0"/>
      <line num="174" type="method" name="appendByRef" crap="72" count="0"/>
      <line num="176" type="stmt" count="0"/>
      <line num="177" type="stmt" count="0"/>
      <line num="178" type="stmt" count="0"/>
      <line num="179" type="stmt" count="0"/>
      <line num="180" type="stmt" count="0"/>
      <line num="181" type="stmt" count="0"/>
      <line num="182" type="stmt" count="0"/>
      <line num="183" type="stmt" count="0"/>
      <line num="184" type="stmt" count="0"/>
      <line num="185" type="stmt" count="0"/>
      <line num="186" type="stmt" count="0"/>
      <line num="187" type="stmt" count="0"/>
      <line num="188" type="stmt" count="0"/>
      <line num="190" type="stmt" count="0"/>
      <line num="192" type="stmt" count="0"/>
      <line num="203" type="method" name="getTemplateVars" crap="156" count="0"/>
      <line num="205" type="stmt" count="0"/>
      <line num="206" type="stmt" count="0"/>
      <line num="207" type="stmt" count="0"/>
      <line num="208" type="stmt" count="0"/>
      <line num="210" type="stmt" count="0"/>
      <line num="213" type="stmt" count="0"/>
      <line num="214" type="stmt" count="0"/>
      <line num="215" type="stmt" count="0"/>
      <line num="216" type="stmt" count="0"/>
      <line num="217" type="stmt" count="0"/>
      <line num="218" type="stmt" count="0"/>
      <line num="219" type="stmt" count="0"/>
      <line num="220" type="stmt" count="0"/>
      <line num="221" type="stmt" count="0"/>
      <line num="223" type="stmt" count="0"/>
      <line num="224" type="stmt" count="0"/>
      <line num="225" type="stmt" count="0"/>
      <line num="226" type="stmt" count="0"/>
      <line num="228" type="stmt" count="0"/>
      <line num="229" type="stmt" count="0"/>
      <line num="230" type="stmt" count="0"/>
      <line num="231" type="stmt" count="0"/>
      <line num="232" type="stmt" count="0"/>
      <line num="233" type="stmt" count="0"/>
      <line num="234" type="stmt" count="0"/>
      <line num="235" type="stmt" count="0"/>
      <line num="236" type="stmt" count="0"/>
      <line num="246" type="method" name="clearAssign" crap="12" count="0"/>
      <line num="248" type="stmt" count="0"/>
      <line num="249" type="stmt" count="0"/>
      <line num="250" type="stmt" count="0"/>
      <line num="251" type="stmt" count="0"/>
      <line num="252" type="stmt" count="0"/>
      <line num="253" type="stmt" count="0"/>
      <line num="256" type="stmt" count="0"/>
      <line num="263" type="method" name="clearAllAssign" crap="2" count="0"/>
      <line num="265" type="stmt" count="0"/>
      <line num="266" type="stmt" count="0"/>
      <line num="276" type="method" name="configLoad" crap="2" count="0"/>
      <line num="279" type="stmt" count="0"/>
      <line num="280" type="stmt" count="0"/>
      <line num="281" type="stmt" count="0"/>
      <line num="292" type="method" name="getVariable" crap="72" count="0"/>
      <line num="294" type="stmt" count="0"/>
      <line num="295" type="stmt" count="0"/>
      <line num="296" type="stmt" count="0"/>
      <line num="297" type="stmt" count="0"/>
      <line num="299" type="stmt" count="0"/>
      <line num="302" type="stmt" count="0"/>
      <line num="303" type="stmt" count="0"/>
      <line num="304" type="stmt" count="0"/>
      <line num="305" type="stmt" count="0"/>
      <line num="307" type="stmt" count="0"/>
      <line num="308" type="stmt" count="0"/>
      <line num="310" type="stmt" count="0"/>
      <line num="312" type="stmt" count="0"/>
      <line num="314" type="stmt" count="0"/>
      <line num="315" type="stmt" count="0"/>
      <line num="316" type="stmt" count="0"/>
      <line num="325" type="method" name="getConfigVariable" crap="30" count="0"/>
      <line num="327" type="stmt" count="0"/>
      <line num="328" type="stmt" count="0"/>
      <line num="329" type="stmt" count="0"/>
      <line num="331" type="stmt" count="0"/>
      <line num="334" type="stmt" count="0"/>
      <line num="335" type="stmt" count="0"/>
      <line num="336" type="stmt" count="0"/>
      <line num="338" type="stmt" count="0"/>
      <line num="339" type="stmt" count="0"/>
      <line num="340" type="stmt" count="0"/>
      <line num="349" type="method" name="getStreamVariable" crap="30" count="0"/>
      <line num="351" type="stmt" count="0"/>
      <line num="352" type="stmt" count="0"/>
      <line num="353" type="stmt" count="0"/>
      <line num="354" type="stmt" count="0"/>
      <line num="355" type="stmt" count="0"/>
      <line num="356" type="stmt" count="0"/>
      <line num="357" type="stmt" count="0"/>
      <line num="358" type="stmt" count="0"/>
      <line num="361" type="stmt" count="0"/>
      <line num="362" type="stmt" count="0"/>
      <line num="364" type="stmt" count="0"/>
      <line num="374" type="method" name="getConfigVars" crap="42" count="0"/>
      <line num="376" type="stmt" count="0"/>
      <line num="377" type="stmt" count="0"/>
      <line num="378" type="stmt" count="0"/>
      <line num="379" type="stmt" count="0"/>
      <line num="380" type="stmt" count="0"/>
      <line num="381" type="stmt" count="0"/>
      <line num="383" type="stmt" count="0"/>
      <line num="384" type="stmt" count="0"/>
      <line num="387" type="stmt" count="0"/>
      <line num="388" type="stmt" count="0"/>
      <line num="389" type="stmt" count="0"/>
      <line num="390" type="stmt" count="0"/>
      <line num="392" type="stmt" count="0"/>
      <line num="393" type="stmt" count="0"/>
      <line num="394" type="stmt" count="0"/>
      <line num="396" type="stmt" count="0"/>
      <line num="406" type="method" name="clearConfig" crap="6" count="0"/>
      <line num="408" type="stmt" count="0"/>
      <line num="409" type="stmt" count="0"/>
      <line num="410" type="stmt" count="0"/>
      <line num="411" type="stmt" count="0"/>
      <line num="413" type="stmt" count="0"/>
      <line num="441" type="method" name="__construct" crap="30" count="0"/>
      <line num="443" type="stmt" count="0"/>
      <line num="444" type="stmt" count="0"/>
      <line num="446" type="stmt" count="0"/>
      <line num="447" type="stmt" count="0"/>
      <line num="449" type="stmt" count="0"/>
      <line num="450" type="stmt" count="0"/>
      <line num="451" type="stmt" count="0"/>
      <line num="452" type="stmt" count="0"/>
      <line num="453" type="stmt" count="0"/>
      <line num="455" type="stmt" count="0"/>
      <line num="495" type="method" name="__construct" crap="1" count="1"/>
      <line num="497" type="stmt" count="1"/>
      <line num="498" type="stmt" count="1"/>
      <line num="499" type="stmt" count="1"/>
      <line num="500" type="stmt" count="1"/>
      <line num="507" type="method" name="__toString" crap="2" count="0"/>
      <line num="509" type="stmt" count="0"/>
      <line num="530" type="method" name="__get" crap="6" count="0"/>
      <line num="532" type="stmt" count="0"/>
      <line num="533" type="stmt" count="0"/>
      <line num="535" type="stmt" count="0"/>
      <line num="544" type="method" name="__toString" crap="2" count="0"/>
      <line num="546" type="stmt" count="0"/>
      <line num="551" type="stmt" count="1"/>
      <metrics loc="550" ncloc="317" classes="4" methods="19" coveredmethods="2" conditionals="0" coveredconditionals="0" statements="192" coveredstatements="8" elements="211" coveredelements="10"/>
    </file>
    <file name="/data/www/webpie/core/render/smarty/sysplugins/smarty_internal_resource_file.php">
      <class name="Smarty_Internal_Resource_File" namespace="global" fullPackage="Smarty.TemplateResources" package="Smarty" subpackage="TemplateResources">
        <metrics methods="4" coveredmethods="0" conditionals="0" coveredconditionals="0" statements="25" coveredstatements="0" elements="29" coveredelements="0"/>
      </class>
      <line num="27" type="method" name="populate" crap="30" count="0"/>
      <line num="29" type="stmt" count="0"/>
      <line num="31" type="stmt" count="0"/>
      <line num="32" type="stmt" count="0"/>
      <line num="33" type="stmt" count="0"/>
      <line num="34" type="stmt" count="0"/>
      <line num="36" type="stmt" count="0"/>
      <line num="37" type="stmt" count="0"/>
      <line num="38" type="stmt" count="0"/>
      <line num="39" type="stmt" count="0"/>
      <line num="40" type="stmt" count="0"/>
      <line num="41" type="stmt" count="0"/>
      <line num="42" type="stmt" count="0"/>
      <line num="49" type="method" name="populateTimestamp" crap="2" count="0"/>
      <line num="51" type="stmt" count="0"/>
      <line num="52" type="stmt" count="0"/>
      <line num="53" type="stmt" count="0"/>
      <line num="62" type="method" name="getContent" crap="12" count="0"/>
      <line num="64" type="stmt" count="0"/>
      <line num="65" type="stmt" count="0"/>
      <line num="67" type="stmt" count="0"/>
      <line num="68" type="stmt" count="0"/>
      <line num="70" type="stmt" count="0"/>
      <line num="79" type="method" name="getBasename" crap="6" count="0"/>
      <line num="81" type="stmt" count="0"/>
      <line num="82" type="stmt" count="0"/>
      <line num="83" type="stmt" count="0"/>
      <line num="84" type="stmt" count="0"/>
      <line num="85" type="stmt" count="0"/>
      <line num="90" type="stmt" count="1"/>
      <metrics loc="89" ncloc="49" classes="1" methods="4" coveredmethods="0" conditionals="0" coveredconditionals="0" statements="25" coveredstatements="0" elements="29" coveredelements="0"/>
    </file>
    <file name="/data/www/webpie/core/render/smarty/sysplugins/smarty_internal_template.php">
      <class name="Smarty_Internal_Template" namespace="global" fullPackage="Smarty.Template" package="Smarty" subpackage="Template">
        <metrics methods="17" coveredmethods="0" conditionals="0" coveredconditionals="0" statements="324" coveredstatements="0" elements="341" coveredelements="0"/>
      </class>
      <line num="116" type="method" name="__construct" crap="56" count="0"/>
      <line num="118" type="stmt" count="0"/>
      <line num="120" type="stmt" count="0"/>
      <line num="121" type="stmt" count="0"/>
      <line num="122" type="stmt" count="0"/>
      <line num="123" type="stmt" count="0"/>
      <line num="124" type="stmt" count="0"/>
      <line num="125" type="stmt" count="0"/>
      <line num="126" type="stmt" count="0"/>
      <line num="128" type="stmt" count="0"/>
      <line num="130" type="stmt" count="0"/>
      <line num="131" type="stmt" count="0"/>
      <line num="132" type="stmt" count="0"/>
      <line num="133" type="stmt" count="0"/>
      <line num="142" type="method" name="mustCompile" crap="90" count="0"/>
      <line num="144" type="stmt" count="0"/>
      <line num="145" type="stmt" count="0"/>
      <line num="146" type="stmt" count="0"/>
      <line num="147" type="stmt" count="0"/>
      <line num="148" type="stmt" count="0"/>
      <line num="150" type="stmt" count="0"/>
      <line num="152" type="stmt" count="0"/>
      <line num="153" type="stmt" count="0"/>
      <line num="154" type="stmt" count="0"/>
      <line num="155" type="stmt" count="0"/>
      <line num="156" type="stmt" count="0"/>
      <line num="164" type="method" name="compileTemplateSource" crap="240" count="0"/>
      <line num="166" type="stmt" count="0"/>
      <line num="167" type="stmt" count="0"/>
      <line num="168" type="stmt" count="0"/>
      <line num="170" type="stmt" count="0"/>
      <line num="171" type="stmt" count="0"/>
      <line num="172" type="stmt" count="0"/>
      <line num="173" type="stmt" count="0"/>
      <line num="175" type="stmt" count="0"/>
      <line num="176" type="stmt" count="0"/>
      <line num="177" type="stmt" count="0"/>
      <line num="178" type="stmt" count="0"/>
      <line num="180" type="stmt" count="0"/>
      <line num="181" type="stmt" count="0"/>
      <line num="182" type="stmt" count="0"/>
      <line num="183" type="stmt" count="0"/>
      <line num="184" type="stmt" count="0"/>
      <line num="187" type="stmt" count="0"/>
      <line num="188" type="stmt" count="0"/>
      <line num="190" type="stmt" count="0"/>
      <line num="191" type="stmt" count="0"/>
      <line num="192" type="stmt" count="0"/>
      <line num="193" type="stmt" count="0"/>
      <line num="196" type="stmt" count="0"/>
      <line num="198" type="stmt" count="0"/>
      <line num="199" type="stmt" count="0"/>
      <line num="200" type="stmt" count="0"/>
      <line num="201" type="stmt" count="0"/>
      <line num="202" type="stmt" count="0"/>
      <line num="203" type="stmt" count="0"/>
      <line num="204" type="stmt" count="0"/>
      <line num="205" type="stmt" count="0"/>
      <line num="206" type="stmt" count="0"/>
      <line num="207" type="stmt" count="0"/>
      <line num="209" type="stmt" count="0"/>
      <line num="210" type="stmt" count="0"/>
      <line num="217" type="method" name="writeCachedContent" crap="20" count="0"/>
      <line num="219" type="stmt" count="0"/>
      <line num="221" type="stmt" count="0"/>
      <line num="223" type="stmt" count="0"/>
      <line num="224" type="stmt" count="0"/>
      <line num="225" type="stmt" count="0"/>
      <line num="226" type="stmt" count="0"/>
      <line num="227" type="stmt" count="0"/>
      <line num="228" type="stmt" count="0"/>
      <line num="229" type="stmt" count="0"/>
      <line num="230" type="stmt" count="0"/>
      <line num="245" type="method" name="getSubTemplate" crap="110" count="0"/>
      <line num="248" type="stmt" count="0"/>
      <line num="249" type="stmt" count="0"/>
      <line num="250" type="stmt" count="0"/>
      <line num="251" type="stmt" count="0"/>
      <line num="254" type="stmt" count="0"/>
      <line num="255" type="stmt" count="0"/>
      <line num="256" type="stmt" count="0"/>
      <line num="257" type="stmt" count="0"/>
      <line num="259" type="stmt" count="0"/>
      <line num="260" type="stmt" count="0"/>
[...]
      <line num="164" type="stmt" count="2"/>
      <line num="165" type="stmt" count="2"/>
      <line num="167" type="stmt" count="2"/>
      <line num="168" type="stmt" count="2"/>
      <line num="170" type="stmt" count="2"/>
      <line num="171" type="stmt" count="2"/>
      <line num="172" type="stmt" count="2"/>
      <line num="173" type="stmt" count="2"/>
      <line num="175" type="stmt" count="1"/>
      <line num="179" type="stmt" count="0"/>
      <line num="180" type="stmt" count="0"/>
      <line num="181" type="stmt" count="0"/>
      <line num="183" type="stmt" count="0"/>
      <line num="194" type="method" name="toApplyExpect" crap="5.00" count="2"/>
      <line num="196" type="stmt" count="2"/>
      <line num="197" type="stmt" count="2"/>
      <line num="198" type="stmt" count="1"/>
      <line num="199" type="stmt" count="1"/>
      <line num="200" type="stmt" count="1"/>
      <line num="201" type="stmt" count="1"/>
      <line num="202" type="stmt" count="1"/>
      <line num="203" type="stmt" count="1"/>
      <line num="204" type="stmt" count="1"/>
      <line num="207" type="stmt" count="0"/>
      <line num="209" type="stmt" count="2"/>
      <line num="210" type="stmt" count="2"/>
      <line num="211" type="stmt" count="2"/>
      <line num="212" type="stmt" count="2"/>
      <line num="213" type="stmt" count="1"/>
      <line num="214" type="stmt" count="1"/>
      <line num="217" type="stmt" count="2"/>
      <line num="218" type="stmt" count="2"/>
      <line num="220" type="stmt" count="2"/>
      <line num="228" type="method" name="validEqualTo" crap="3" count="2"/>
      <line num="230" type="stmt" count="2"/>
      <line num="231" type="stmt" count="2"/>
      <line num="233" type="stmt" count="1"/>
      <line num="241" type="method" name="toValid" crap="12" count="1"/>
      <line num="243" type="stmt" count="1"/>
      <line num="244" type="stmt" count="1"/>
      <line num="246" type="stmt" count="1"/>
      <line num="247" type="stmt" count="1"/>
      <line num="249" type="stmt" count="1"/>
      <line num="250" type="stmt" count="1"/>
      <line num="252" type="stmt" count="1"/>
      <line num="253" type="stmt" count="1"/>
      <line num="255" type="stmt" count="1"/>
      <line num="256" type="stmt" count="1"/>
      <line num="258" type="stmt" count="1"/>
      <line num="259" type="stmt" count="1"/>
      <line num="261" type="stmt" count="1"/>
      <line num="262" type="stmt" count="1"/>
      <line num="270" type="method" name="getValidVar" crap="2" count="0"/>
      <line num="272" type="stmt" count="0"/>
      <line num="280" type="method" name="getMsg" crap="2" count="0"/>
      <line num="282" type="stmt" count="0"/>
      <line num="294" type="method" name="__construct" crap="2" count="0"/>
      <line num="295" type="method" name="inputsValid" crap="12" count="0"/>
      <line num="297" type="stmt" count="0"/>
      <line num="298" type="stmt" count="0"/>
      <line num="300" type="stmt" count="0"/>
      <line num="301" type="stmt" count="0"/>
      <line num="303" type="stmt" count="0"/>
      <line num="304" type="stmt" count="0"/>
      <line num="305" type="stmt" count="0"/>
      <line num="306" type="stmt" count="0"/>
      <line num="308" type="stmt" count="0"/>
      <line num="311" type="method" name="inputsGet" crap="6" count="0"/>
      <line num="313" type="stmt" count="0"/>
      <line num="314" type="stmt" count="0"/>
      <line num="317" type="method" name="inputsPost" crap="6" count="0"/>
      <line num="319" type="stmt" count="0"/>
      <line num="320" type="stmt" count="0"/>
      <line num="323" type="method" name="inputsRequest" crap="6" count="0"/>
      <line num="325" type="stmt" count="0"/>
      <line num="326" type="stmt" count="0"/>
      <line num="329" type="method" name="inputsCookie" crap="6" count="0"/>
      <line num="331" type="stmt" count="0"/>
      <line num="332" type="stmt" count="0"/>
      <line num="335" type="method" name="inputsServer" crap="6" count="0"/>
      <line num="337" type="stmt" count="0"/>
      <line num="338" type="stmt" count="0"/>
      <line num="341" type="method" name="inputsEnv" crap="6" count="0"/>
      <line num="343" type="stmt" count="0"/>
      <line num="344" type="stmt" count="0"/>
      <line num="347" type="method" name="inputsSession" crap="6" count="0"/>
      <line num="349" type="stmt" count="0"/>
      <line num="350" type="stmt" count="0"/>
      <line num="353" type="method" name="inputsFilter" crap="20" count="0"/>
      <line num="355" type="stmt" count="0"/>
      <line num="356" type="stmt" count="0"/>
      <line num="358" type="stmt" count="0"/>
      <line num="359" type="stmt" count="0"/>
      <line num="360" type="stmt" count="0"/>
      <line num="361" type="stmt" count="0"/>
      <line num="363" type="stmt" count="0"/>
      <line num="364" type="stmt" count="0"/>
      <line num="366" type="stmt" count="0"/>
      <line num="369" type="method" name="getRedirect" crap="12" count="0"/>
      <line num="371" type="stmt" count="0"/>
      <line num="372" type="stmt" count="0"/>
      <line num="373" type="stmt" count="0"/>
      <line num="374" type="stmt" count="0"/>
      <line num="375" type="stmt" count="0"/>
      <line num="376" type="stmt" count="0"/>
      <line num="378" type="stmt" count="0"/>
      <line num="381" type="method" name="inputsHandler" crap="20" count="0"/>
      <line num="384" type="stmt" count="0"/>
      <line num="385" type="stmt" count="0"/>
      <line num="386" type="stmt" count="0"/>
      <line num="387" type="stmt" count="0"/>
      <line num="390" type="stmt" count="0"/>
      <line num="391" type="stmt" count="0"/>
      <line num="394" type="stmt" count="0"/>
      <line num="395" type="stmt" count="0"/>
      <line num="397" type="stmt" count="0"/>
      <line num="398" type="stmt" count="0"/>
      <line num="400" type="method" name="validEmail" crap="1" count="9"/>
      <line num="402" type="stmt" count="9"/>
      <line num="405" type="method" name="validIp" crap="1" count="4"/>
      <line num="407" type="stmt" count="4"/>
      <line num="410" type="method" name="validUrl" crap="1" count="6"/>
      <line num="412" type="stmt" count="6"/>
      <line num="415" type="method" name="validUrlQuery" crap="1" count="4"/>
      <line num="417" type="stmt" count="4"/>
      <line num="420" type="method" name="validUrlPath" crap="1" count="5"/>
      <line num="422" type="stmt" count="5"/>
      <line num="425" type="method" name="validDate" crap="3" count="6"/>
      <line num="427" type="stmt" count="6"/>
      <line num="428" type="stmt" count="6"/>
      <line num="429" type="stmt" count="6"/>
      <line num="431" type="stmt" count="5"/>
      <line num="432" type="stmt" count="5"/>
      <line num="434" type="stmt" count="1"/>
      <line num="437" type="method" name="validCnZip" crap="2" count="5"/>
      <line num="439" type="stmt" count="5"/>
      <line num="442" type="method" name="validCnPhone" crap="2" count="11"/>
      <line num="444" type="stmt" count="11"/>
      <line num="447" type="method" name="validCnTel" crap="2" count="20"/>
      <line num="449" type="stmt" count="20"/>
      <line num="452" type="method" name="validCardByLuhm" crap="7" count="2"/>
      <line num="454" type="stmt" count="2"/>
      <line num="455" type="stmt" count="2"/>
      <line num="456" type="stmt" count="2"/>
      <line num="458" type="stmt" count="2"/>
      <line num="459" type="stmt" count="2"/>
      <line num="460" type="stmt" count="2"/>
      <line num="461" type="stmt" count="2"/>
      <line num="462" type="stmt" count="2"/>
      <line num="464" type="stmt" count="2"/>
      <line num="465" type="stmt" count="2"/>
      <line num="466" type="stmt" count="2"/>
      <line num="467" type="stmt" count="2"/>
      <line num="468" type="stmt" count="2"/>
      <line num="469" type="stmt" count="2"/>
      <line num="470" type="stmt" count="2"/>
      <line num="471" type="stmt" count="2"/>
      <line num="472" type="stmt" count="2"/>
      <line num="474" type="stmt" count="2"/>
      <line num="476" type="stmt" count="2"/>
      <line num="477" type="stmt" count="2"/>
      <line num="479" type="stmt" count="2"/>
      <line num="480" type="stmt" count="2"/>
      <line num="481" type="stmt" count="2"/>
      <line num="483" type="stmt" count="0"/>
      <line num="485" type="stmt" count="2"/>
      <line num="486" type="stmt" count="2"/>
      <line num="488" type="stmt" count="1"/>
      <line num="491" type="method" name="validCnId" crap="2" count="0"/>
      <line num="493" type="method" name="validCnIdStrict" crap="2" count="0"/>
      <line num="496" type="stmt" count="0"/>
      <line num="498" type="method" name="validComPass" crap="2" count="4"/>
      <line num="500" type="stmt" count="4"/>
      <line num="511" type="method" name="validComUser" crap="3" count="11"/>
      <line num="513" type="stmt" count="11"/>
      <line num="514" type="stmt" count="11"/>
      <line num="515" type="stmt" count="11"/>
      <line num="516" type="stmt" count="11"/>
      <line num="518" type="stmt" count="11"/>
      <line num="529" type="method" name="stringLen" crap="7" count="24"/>
      <line num="531" type="stmt" count="24"/>
      <line num="532" type="stmt" count="24"/>
      <line num="533" type="stmt" count="24"/>
      <line num="534" type="stmt" count="24"/>
      <line num="536" type="stmt" count="24"/>
      <line num="537" type="stmt" count="24"/>
      <line num="538" type="stmt" count="24"/>
      <line num="539" type="stmt" count="24"/>
      <line num="540" type="stmt" count="24"/>
      <line num="542" type="stmt" count="24"/>
      <line num="543" type="stmt" count="24"/>
      <line num="544" type="stmt" count="15"/>
      <line num="545" type="stmt" count="15"/>
      <line num="547" type="stmt" count="15"/>
      <line num="548" type="stmt" count="15"/>
      <line num="549" type="stmt" count="15"/>
      <line num="551" type="stmt" count="15"/>
      <line num="552" type="stmt" count="15"/>
      <line num="553" type="stmt" count="12"/>
      <line num="554" type="stmt" count="12"/>
      <line num="555" type="stmt" count="15"/>
      <line num="556" type="stmt" count="24"/>
      <line num="558" type="stmt" count="24"/>
      <line num="561" type="stmt" count="1"/>
      <metrics loc="560" ncloc="485" classes="2" methods="39" coveredmethods="18" conditionals="0" coveredconditionals="0" statements="247" coveredstatements="180" elements="286" coveredelements="198"/>
    </file>
    <file name="/data/www/webpie/core/webpie.php">
      <class name="Webpie_Exception" namespace="global" fullPackage="Webpie">
        <metrics methods="0" coveredmethods="0" conditionals="0" coveredconditionals="0" statements="0" coveredstatements="0" elements="0" coveredelements="0"/>
      </class>
      <class name="Webpie" namespace="global">
        <metrics methods="7" coveredmethods="4" conditionals="0" coveredconditionals="0" statements="131" coveredstatements="77" elements="138" coveredelements="81"/>
      </class>
      <line num="0" type="stmt" count="3"/>
      <line num="17" type="method" name="__construct" crap="1" count="165"/>
      <line num="19" type="stmt" count="165"/>
      <line num="20" type="stmt" count="165"/>
      <line num="21" type="stmt" count="165"/>
      <line num="23" type="stmt" count="165"/>
      <line num="24" type="stmt" count="165"/>
      <line num="27" type="stmt" count="165"/>
      <line num="28" type="stmt" count="165"/>
      <line num="35" type="method" name="start" crap="56" count="0"/>
      <line num="37" type="stmt" count="0"/>
      <line num="38" type="stmt" count="0"/>
      <line num="39" type="stmt" count="0"/>
      <line num="40" type="stmt" count="0"/>
      <line num="41" type="stmt" count="0"/>
      <line num="42" type="stmt" count="0"/>
      <line num="44" type="stmt" count="0"/>
      <line num="46" type="stmt" count="0"/>
      <line num="47" type="stmt" count="0"/>
      <line num="49" type="stmt" count="0"/>
      <line num="50" type="stmt" count="0"/>
      <line num="52" type="stmt" count="0"/>
      <line num="53" type="stmt" count="0"/>
      <line num="54" type="stmt" count="0"/>
      <line num="55" type="stmt" count="0"/>
      <line num="57" type="stmt" count="0"/>
      <line num="58" type="stmt" count="0"/>
      <line num="59" type="stmt" count="0"/>
      <line num="60" type="stmt" count="0"/>
      <line num="62" type="stmt" count="0"/>
      <line num="63" type="stmt" count="0"/>
      <line num="64" type="stmt" count="0"/>
      <line num="65" type="stmt" count="0"/>
      <line num="68" type="stmt" count="0"/>
      <line num="79" type="method" name="handler" crap="11" count="1"/>
      <line num="82" type="stmt" count="1"/>
      <line num="83" type="stmt" count="1"/>
      <line num="84" type="stmt" count="1"/>
      <line num="86" type="stmt" count="1"/>
      <line num="89" type="stmt" count="1"/>
      <line num="90" type="stmt" count="1"/>
      <line num="91" type="stmt" count="1"/>
      <line num="93" type="stmt" count="1"/>
      <line num="95" type="stmt" count="1"/>
      <line num="96" type="stmt" count="1"/>
      <line num="97" type="stmt" count="1"/>
      <line num="98" type="stmt" count="1"/>
      <line num="99" type="stmt" count="1"/>
      <line num="102" type="stmt" count="1"/>
      <line num="103" type="stmt" count="1"/>
      <line num="106" type="stmt" count="1"/>
      <line num="107" type="stmt" count="1"/>
      <line num="108" type="stmt" count="1"/>
      <line num="109" type="stmt" count="1"/>
      <line num="111" type="stmt" count="1"/>
      <line num="112" type="stmt" count="1"/>
      <line num="113" type="stmt" count="1"/>
      <line num="114" type="stmt" count="1"/>
      <line num="115" type="stmt" count="1"/>
      <line num="116" type="stmt" count="1"/>
      <line num="118" type="stmt" count="1"/>
      <line num="119" type="stmt" count="1"/>
      <line num="120" type="stmt" count="1"/>
      <line num="121" type="stmt" count="1"/>
      <line num="122" type="stmt" count="1"/>
      <line num="125" type="stmt" count="0"/>
      <line num="136" type="method" name="autoload" crap="7" count="8"/>
      <line num="138" type="stmt" count="8"/>
      <line num="139" type="stmt" count="8"/>
      <line num="141" type="stmt" count="8"/>
      <line num="143" type="stmt" count="8"/>
      <line num="144" type="stmt" count="8"/>
      <line num="145" type="stmt" count="8"/>
      <line num="146" type="stmt" count="8"/>
      <line num="147" type="stmt" count="8"/>
      <line num="148" type="stmt" count="8"/>
      <line num="149" type="stmt" count="8"/>
      <line num="150" type="stmt" count="8"/>
      <line num="151" type="stmt" count="8"/>
      <line num="152" type="stmt" count="8"/>
      <line num="153" type="stmt" count="8"/>
      <line num="154" type="stmt" count="8"/>
      <line num="155" type="stmt" count="8"/>
      <line num="156" type="stmt" count="8"/>
      <line num="157" type="stmt" count="8"/>
      <line num="158" type="stmt" count="8"/>
      <line num="159" type="stmt" count="8"/>
      <line num="160" type="stmt" count="8"/>
      <line num="161" type="stmt" count="8"/>
      <line num="162" type="stmt" count="8"/>
      <line num="163" type="stmt" count="8"/>
      <line num="164" type="stmt" count="8"/>
      <line num="165" type="stmt" count="8"/>
      <line num="166" type="stmt" count="8"/>
      <line num="168" type="stmt" count="8"/>
      <line num="169" type="stmt" count="8"/>
      <line num="170" type="stmt" count="8"/>
      <line num="172" type="stmt" count="8"/>
      <line num="173" type="stmt" count="8"/>
      <line num="174" type="stmt" count="8"/>
      <line num="175" type="stmt" count="6"/>
      <line num="176" type="stmt" count="6"/>
      <line num="179" type="stmt" count="2"/>
      <line num="180" type="stmt" count="2"/>
      <line num="181" type="stmt" count="2"/>
      <line num="183" type="stmt" count="8"/>
      <line num="195" type="method" name="errorHandler" crap="26.43" count="8"/>
      <line num="197" type="stmt" count="8"/>
      <line num="198" type="stmt" count="0"/>
      <line num="202" type="stmt" count="0"/>
      <line num="203" type="stmt" count="0"/>
      <line num="204" type="stmt" count="0"/>
      <line num="205" type="stmt" count="0"/>
      <line num="208" type="stmt" count="0"/>
      <line num="209" type="stmt" count="0"/>
      <line num="210" type="stmt" count="0"/>
      <line num="211" type="stmt" count="0"/>
      <line num="213" type="stmt" count="0"/>
      <line num="214" type="stmt" count="0"/>
      <line num="215" type="stmt" count="0"/>
      <line num="216" type="stmt" count="0"/>
      <line num="218" type="stmt" count="0"/>
      <line num="219" type="stmt" count="0"/>
      <line num="220" type="stmt" count="0"/>
      <line num="221" type="stmt" count="0"/>
      <line num="222" type="stmt" count="0"/>
      <line num="223" type="stmt" count="0"/>
      <line num="232" type="method" name="exceptionHandler" crap="2" count="0"/>
      <line num="234" type="stmt" count="0"/>
      <line num="235" type="stmt" count="0"/>
      <line num="236" type="stmt" count="0"/>
      <line num="237" type="stmt" count="0"/>
      <line num="247" type="method" name="msgHandler" crap="6" count="0"/>
      <line num="249" type="stmt" count="0"/>
      <line num="250" type="stmt" count="0"/>
      <line num="254" type="stmt" count="0"/>
      <line num="255" type="stmt" count="0"/>
      <line num="256" type="stmt" count="0"/>
      <line num="258" type="stmt" count="0"/>
      <metrics loc="259" ncloc="193" classes="2" methods="7" coveredmethods="2" conditionals="0" coveredconditionals="0" statements="131" coveredstatements="77" elements="138" coveredelements="79"/>
    </file>
    <file name="/data/www/webpie/test/handlerPro.php">
      <class name="test_handlerPro" namespace="global" fullPackage="test">
        <metrics methods="2" coveredmethods="2" conditionals="0" coveredconditionals="0" statements="5" coveredstatements="5" elements="7" coveredelements="7"/>
      </class>
      <line num="4" type="method" name="__construct" crap="1" count="1"/>
      <line num="6" type="stmt" count="1"/>
      <line num="7" type="stmt" count="1"/>
      <line num="9" type="method" name="setup" crap="2" count="1"/>
      <line num="12" type="stmt" count="1"/>
      <line num="14" type="stmt" count="1"/>
      <line num="15" type="stmt" count="1"/>
      <line num="17" type="stmt" count="1"/>
      <metrics loc="16" ncloc="16" classes="1" methods="2" coveredmethods="2" conditionals="0" coveredconditionals="0" statements="5" coveredstatements="5" elements="7" coveredelements="7"/>
    </file>
    <file name="/data/www/webpie/test/handlerPro1.php">
      <class name="test_handlerPro1" namespace="global" fullPackage="test">
        <metrics methods="2" coveredmethods="2" conditionals="0" coveredconditionals="0" statements="5" coveredstatements="5" elements="7" coveredelements="7"/>
      </class>
      <line num="4" type="method" name="__construct" crap="1" count="1"/>
      <line num="6" type="stmt" count="1"/>
      <line num="7" type="stmt" count="1"/>
      <line num="9" type="method" name="setup" crap="2" count="1"/>
      <line num="12" type="stmt" count="1"/>
      <line num="14" type="stmt" count="1"/>
      <line num="15" type="stmt" count="1"/>
      <line num="17" type="stmt" count="1"/>
      <metrics loc="16" ncloc="16" classes="1" methods="2" coveredmethods="2" conditionals="0" coveredconditionals="0" statements="5" coveredstatements="5" elements="7" coveredelements="7"/>
    </file>
    <metrics files="20" loc="7047" ncloc="4199" classes="31" methods="248" coveredmethods="69" conditionals="0" coveredconditionals="0" statements="2546" coveredstatements="633" elements="2794" coveredelements="702"/>
  </project>
</coverage>
